"D:/Unreal Projects/Catan/Catan.uproject" 1
"../../../Engine/Plugins/2D/Paper2D/Paper2D.uplugin" 2
"../../../Engine/Plugins/Blendables/LightPropagationVolume/LightPropagationVolume.uplugin" 3
"../../../Engine/Plugins/Developer/BlankPlugin/BlankPlugin.uplugin" 4
"../../../Engine/Plugins/Developer/CodeLiteSourceCodeAccess/CodeLiteSourceCodeAccess.uplugin" 5
"../../../Engine/Plugins/Developer/GitSourceControl/GitSourceControl.uplugin" 6
"../../../Engine/Plugins/Developer/KDevelopSourceCodeAccess/KDevelopSourceCodeAccess.uplugin" 7
"../../../Engine/Plugins/Developer/NullSourceCodeAccess/NullSourceCodeAccess.uplugin" 8
"../../../Engine/Plugins/Developer/OneSkyLocalizationService/OneSkyLocalizationService.uplugin" 9
"../../../Engine/Plugins/Developer/PerforceSourceControl/PerforceSourceControl.uplugin" 10
"../../../Engine/Plugins/Developer/SubversionSourceControl/SubversionSourceControl.uplugin" 11
"../../../Engine/Plugins/Developer/UObjectPlugin/UObjectPlugin.uplugin" 12
"../../../Engine/Plugins/Developer/VisualStudioSourceCodeAccess/VisualStudioSourceCodeAccess.uplugin" 13
"../../../Engine/Plugins/Developer/XCodeSourceCodeAccess/XCodeSourceCodeAccess.uplugin" 14
"../../../Engine/Plugins/Editor/EpicSurvey/EpicSurvey.uplugin" 15
"../../../Engine/Plugins/Editor/MacGraphicsSwitching/MacGraphicsSwitching.uplugin" 16
"../../../Engine/Plugins/Editor/PluginBrowser/PluginBrowser.uplugin" 17
"../../../Engine/Plugins/Editor/SpeedTreeImporter/SpeedTreeImporter.uplugin" 18
"../../../Engine/Plugins/Editor/SuperSearchEditor/SuperSearchEditor.uplugin" 19
"../../../Engine/Plugins/Experimental/BlueprintStats/BlueprintStats.uplugin" 20
"../../../Engine/Plugins/Experimental/CharacterAI/CharacterAI.uplugin" 21
"../../../Engine/Plugins/Experimental/CodeEditor/CodeEditor.uplugin" 22
"../../../Engine/Plugins/Experimental/CodeView/CodeView.uplugin" 23
"../../../Engine/Plugins/Experimental/HTML5Networking/HTML5Networking.uplugin" 24
"../../../Engine/Plugins/Experimental/LiveEditor/LiveEditor.uplugin" 25
"../../../Engine/Plugins/Experimental/OSVR/OSVR.uplugin" 26
"../../../Engine/Plugins/Experimental/Phya/Phya.uplugin" 27
"../../../Engine/Plugins/Experimental/SignificanceManager/SignificanceManager.uplugin" 28
"../../../Engine/Plugins/Experimental/SimpleHMD/SimpleHMD.uplugin" 29
"../../../Engine/Plugins/Experimental/StereoPanorama/StereoPanorama.uplugin" 30
"../../../Engine/Plugins/Experimental/StructBox/StructBox.uplugin" 31
"../../../Engine/Plugins/Media/AndroidMedia/AndroidMedia.uplugin" 32
"../../../Engine/Plugins/Media/AvfMedia/AvfMedia.uplugin" 33
"../../../Engine/Plugins/Media/MediaPlayerEditor/MediaPlayerEditor.uplugin" 34
"../../../Engine/Plugins/Media/WmfMedia/WmfMedia.uplugin" 35
"../../../Engine/Plugins/Messaging/MessagingDebugger/MessagingDebugger.uplugin" 36
"../../../Engine/Plugins/Messaging/UdpMessaging/UdpMessaging.uplugin" 37
"../../../Engine/Plugins/MovieScene/LevelSequenceEditor/LevelSequenceEditor.uplugin" 38
"../../../Engine/Plugins/MovieScene/MatineeToLevelSequence/MatineeToLevelSequence.uplugin" 39
"../../../Engine/Plugins/NetcodeUnitTest/NetcodeUnitTest/NetcodeUnitTest.uplugin" 40
"../../../Engine/Plugins/NetcodeUnitTest/NUTUnrealEngine4/NUTUnrealEngine4.uplugin" 41
"../../../Engine/Plugins/Runtime/Advertising/IOSTapJoy/IOSTapJoy.uplugin" 42
"../../../Engine/Plugins/Runtime/Analytics/AnalyticsBlueprintLibrary/AnalyticsBlueprintLibrary.uplugin" 43
"../../../Engine/Plugins/Runtime/Analytics/AnalyticsMulticast/AnalyticsMulticast.uplugin" 44
"../../../Engine/Plugins/Runtime/Analytics/Apsalar/Apsalar.uplugin" 45
"../../../Engine/Plugins/Runtime/Analytics/FileLogging/FileLogging.uplugin" 46
"../../../Engine/Plugins/Runtime/Analytics/Flurry/Flurry.uplugin" 47
"../../../Engine/Plugins/Runtime/AndroidDeviceProfileSelector/AndroidDeviceProfileSelector.uplugin" 48
"../../../Engine/Plugins/Runtime/AndroidMoviePlayer/AndroidMoviePlayer.uplugin" 49
"../../../Engine/Plugins/Runtime/AppleMoviePlayer/AppleMoviePlayer.uplugin" 50
"../../../Engine/Plugins/Runtime/ArchVisCharacter/ArchVisCharacter.uplugin" 51
"../../../Engine/Plugins/Runtime/CableComponent/CableComponent.uplugin" 52
"../../../Engine/Plugins/Runtime/CustomMeshComponent/CustomMeshComponent.uplugin" 53
"../../../Engine/Plugins/Runtime/ExampleDeviceProfileSelector/ExampleDeviceProfileSelector.uplugin" 54
"../../../Engine/Plugins/Runtime/GearVR/GearVR.uplugin" 55
"../../../Engine/Plugins/Runtime/GoogleVR/GoogleVRController/GoogleVRController.uplugin" 56
"../../../Engine/Plugins/Runtime/GoogleVR/GoogleVRHMD/GoogleVRHMD.uplugin" 57
"../../../Engine/Plugins/Runtime/IOSDeviceProfileSelector/IOSDeviceProfileSelector.uplugin" 58
"../../../Engine/Plugins/Runtime/LeapMotion/LeapMotion.uplugin" 59
"../../../Engine/Plugins/Runtime/LinuxDeviceProfileSelector/LinuxDeviceProfileSelector.uplugin" 60
"../../../Engine/Plugins/Runtime/LiveEditorListenServer/LiveEditorListenServer.uplugin" 61
"../../../Engine/Plugins/Runtime/OculusAudio/OculusAudio.uplugin" 62
"../../../Engine/Plugins/Runtime/OculusInput/OculusInput.uplugin" 63
"../../../Engine/Plugins/Runtime/OculusLibrary/OculusLibrary.uplugin" 64
"../../../Engine/Plugins/Runtime/OculusRift/OculusRift.uplugin" 65
"../../../Engine/Plugins/Runtime/PacketHandlers/CompressionComponents/Oodle/Oodle.uplugin" 66
"../../../Engine/Plugins/Runtime/ProceduralMeshComponent/ProceduralMeshComponent.uplugin" 67
"../../../Engine/Plugins/Runtime/SoundMod/SoundMod.uplugin" 68
"../../../Engine/Plugins/Runtime/SoundVisualizations/SoundVisualizations.uplugin" 69
"../../../Engine/Plugins/Runtime/Steam/SteamController/SteamController.uplugin" 70
"../../../Engine/Plugins/Runtime/Steam/SteamVR/SteamVR.uplugin" 71
"../../../Engine/Plugins/Runtime/WebBrowserWidget/WebBrowserWidget.uplugin" 72
"../../../Engine/Plugins/Runtime/WindowsDeviceProfileSelector/WindowsDeviceProfileSelector.uplugin" 73
"../../../Engine/Plugins/Runtime/WindowsMoviePlayer/WindowsMoviePlayer.uplugin" 74
"../../../Engine/Plugins/ScriptPlugin/ScriptPlugin.uplugin" 75
"../../../Engine/Plugins/Slate/SlateRemote/SlateRemote.uplugin" 76
"..\..\..\Engine\Content\Internationalization\icudt53l\cnvalias.icu" 77
"..\..\..\Engine\Content\Internationalization\icudt53l\res_index.res" 78
"..\..\..\Engine\Content\Internationalization\icudt53l\en_US_POSIX.res" 79
"..\..\..\Engine\Content\Internationalization\icudt53l\pool.res" 80
"..\..\..\Engine\Content\Internationalization\icudt53l\en_US.res" 81
"..\..\..\Engine\Content\Internationalization\icudt53l\en.res" 82
"..\..\..\Engine\Content\Internationalization\icudt53l\root.res" 83
"..\..\..\Engine\Content\Internationalization\icudt53l\lang\en.res" 84
"..\..\..\Engine\Content\Internationalization\icudt53l\lang\pool.res" 85
"..\..\..\Engine\Content\Internationalization\icudt53l\lang\root.res" 86
"..\..\..\Engine\Content\Internationalization\icudt53l\region\en.res" 87
"..\..\..\Engine\Content\Internationalization\icudt53l\region\pool.res" 88
"..\..\..\Engine\Content\Internationalization\icudt53l\region\root.res" 89
"C:/Users/c0uch/AppData/Local/UnrealEngine/4.12/Saved/Config/Windows/Manifest.ini" 90
"../../../Engine/Config/Base.ini" 91
"../../../Engine/Config/BaseEngine.ini" 92
"D:/Unreal Projects/Catan/Config/DefaultEngine.ini" 93
"../../../Engine/Config/Windows/WindowsEngine.ini" 94
"D:/Unreal Projects/Catan/Saved/Config/Windows/Engine.ini" 95
"../../../../../../Unreal Projects/Catan/Intermediate/Config/CoalescedSourceConfigs/Engine.ini" 96
"../../../Engine/Config/BaseGame.ini" 97
"D:/Unreal Projects/Catan/Config/DefaultGame.ini" 98
"D:/Unreal Projects/Catan/Saved/Config/Windows/Game.ini" 99
"../../../../../../Unreal Projects/Catan/Intermediate/Config/CoalescedSourceConfigs/Game.ini" 100
"../../../Engine/Config/BaseInput.ini" 101
"D:/Unreal Projects/Catan/Saved/Config/Windows/Input.ini" 102
"../../../../../../Unreal Projects/Catan/Intermediate/Config/CoalescedSourceConfigs/Input.ini" 103
"../../../Engine/Config/BaseEditor.ini" 104
"D:/Unreal Projects/Catan/Config/DefaultEditor.ini" 105
"D:/Unreal Projects/Catan/Saved/Config/Windows/Editor.ini" 106
"../../../../../../Unreal Projects/Catan/Intermediate/Config/CoalescedSourceConfigs/Editor.ini" 107
"../../../Engine/Config/BaseEditorPerProjectUserSettings.ini" 108
"D:/Unreal Projects/Catan/Saved/Config/Windows/EditorPerProjectUserSettings.ini" 109
"../../../../../../Unreal Projects/Catan/Intermediate/Config/CoalescedSourceConfigs/EditorPerProjectUserSettings.ini" 110
"../../../Engine/Config/BaseEditorSettings.ini" 111
"C:/Users/c0uch/AppData/Local/UnrealEngine/4.12/Saved/Config/Windows/EditorSettings.ini" 112
"../../../../../../Unreal Projects/Catan/Intermediate/Config/CoalescedSourceConfigs/EditorSettings.ini" 113
"../../../Engine/Config/BaseEditorLayout.ini" 114
"C:/Users/c0uch/AppData/Local/UnrealEngine/4.12/Saved/Config/Windows/EditorLayout.ini" 115
"../../../../../../Unreal Projects/Catan/Intermediate/Config/CoalescedSourceConfigs/EditorLayout.ini" 116
"../../../Engine/Config/BaseEditorKeyBindings.ini" 117
"C:/Users/c0uch/AppData/Local/UnrealEngine/4.12/Saved/Config/Windows/EditorKeyBindings.ini" 118
"../../../../../../Unreal Projects/Catan/Intermediate/Config/CoalescedSourceConfigs/EditorKeyBindings.ini" 119
"../../../Engine/Config/BaseCompat.ini" 120
"D:/Unreal Projects/Catan/Saved/Config/Windows/Compat.ini" 121
"../../../../../../Unreal Projects/Catan/Intermediate/Config/CoalescedSourceConfigs/Compat.ini" 122
"../../../Engine/Config/BaseLightmass.ini" 123
"D:/Unreal Projects/Catan/Saved/Config/Windows/Lightmass.ini" 124
"../../../../../../Unreal Projects/Catan/Intermediate/Config/CoalescedSourceConfigs/Lightmass.ini" 125
"../../../Engine/Config/BaseScalability.ini" 126
"D:/Unreal Projects/Catan/Saved/Config/Windows/Scalability.ini" 127
"../../../../../../Unreal Projects/Catan/Intermediate/Config/CoalescedSourceConfigs/Scalability.ini" 128
"../../../Engine/Config/BaseHardware.ini" 129
"D:/Unreal Projects/Catan/Saved/Config/Windows/Hardware.ini" 130
"../../../../../../Unreal Projects/Catan/Intermediate/Config/CoalescedSourceConfigs/Hardware.ini" 131
"D:/Unreal Projects/Catan/Saved/Config/Windows/GameUserSettings.ini" 132
"../../../../../../Unreal Projects/Catan/Intermediate/Config/CoalescedSourceConfigs/GameUserSettings.ini" 133
"../../../Engine/Config/BaseDeviceProfiles.ini" 134
"D:/Unreal Projects/Catan/Saved/Config/Windows/DeviceProfiles.ini" 135
"../../../../../../Unreal Projects/Catan/Intermediate/Config/CoalescedSourceConfigs/DeviceProfiles.ini" 136
"../../../Engine/Config/ConsoleVariables.ini" 137
"..\..\..\Engine\Content\Internationalization\icudt53l\ar.res" 138
"..\..\..\Engine\Content\Internationalization\icudt53l\lang\ar.res" 139
"..\..\..\Engine\Content\Internationalization\icudt53l\es.res" 140
"..\..\..\Engine\Content\Internationalization\icudt53l\lang\es.res" 141
"..\..\..\Engine\Content\Internationalization\icudt53l\ja.res" 142
"..\..\..\Engine\Content\Internationalization\icudt53l\lang\ja.res" 143
"..\..\..\Engine\Content\Internationalization\icudt53l\ko.res" 144
"..\..\..\Engine\Content\Internationalization\icudt53l\lang\ko.res" 145
"..\..\..\Engine\Content\Internationalization\icudt53l\pt_BR.res" 146
"..\..\..\Engine\Content\Internationalization\icudt53l\pt.res" 147
"..\..\..\Engine\Content\Internationalization\icudt53l\lang\pt.res" 148
"..\..\..\Engine\Content\Internationalization\icudt53l\region\pt.res" 149
"..\..\..\Engine\Content\Internationalization\icudt53l\zh_CN.res" 150
"..\..\..\Engine\Content\Internationalization\icudt53l\zh_Hans_CN.res" 151
"..\..\..\Engine\Content\Internationalization\icudt53l\zh_Hans.res" 152
"..\..\..\Engine\Content\Internationalization\icudt53l\zh.res" 153
"..\..\..\Engine\Content\Internationalization\icudt53l\lang\zh_CN.res" 154
"..\..\..\Engine\Content\Internationalization\icudt53l\lang\zh_Hans_CN.res" 155
"..\..\..\Engine\Content\Internationalization\icudt53l\lang\zh_Hans.res" 156
"..\..\..\Engine\Content\Internationalization\icudt53l\lang\zh.res" 157
"..\..\..\Engine\Content\Internationalization\icudt53l\region\zh_CN.res" 158
"..\..\..\Engine\Content\Internationalization\icudt53l\region\zh_Hans_CN.res" 159
"..\..\..\Engine\Content\Internationalization\icudt53l\region\zh_Hans.res" 160
"..\..\..\Engine\Content\Internationalization\icudt53l\region\zh.res" 161
"D:/Programs/Epic Games/4.12/Engine/Content/Localization/Editor/en/Editor.locres" 162
"D:/Programs/Epic Games/4.12/Engine/Content/Localization/EditorTutorials/en/EditorTutorials.locres" 163
"D:/Programs/Epic Games/4.12/Engine/Content/Localization/Keywords/en/Keywords.locres" 164
"D:/Programs/Epic Games/4.12/Engine/Content/Localization/Category/en/Category.locres" 165
"D:/Programs/Epic Games/4.12/Engine/Content/Localization/ToolTips/en/ToolTips.locres" 166
"D:/Programs/Epic Games/4.12/Engine/Content/Localization/PropertyNames/en/PropertyNames.locres" 167
"D:/Programs/Epic Games/4.12/Engine/Content/Localization/Engine/en/Engine.locres" 168
"../../../Engine/Content/Slate/Fonts/Roboto-Regular.ttf" 169
"../../../Engine/Content/Slate/Fonts/DroidSansMono.ttf" 170
"../../../Engine/Content/Slate/Fonts/Roboto-Bold.ttf" 171
"../../../Engine/Content/Slate/Fonts/Roboto-Light.ttf" 172
"D:/Programs/Epic Games/4.12/Engine/Binaries/Win64/../../../Engine/Shaders/VectorFieldVisualizationVertexFactory.usf" 173
"D:/Programs/Epic Games/4.12/Engine/Binaries/Win64/../../../Engine/Shaders/VertexFactoryCommon.usf" 174
"D:/Programs/Epic Games/4.12/Engine/Binaries/Win64/../../../Engine/Shaders/Common.usf" 175
"D:/Programs/Epic Games/4.12/Engine/Binaries/Win64/../../../Engine/Shaders/MetalCommon.usf" 176
"D:/Programs/Epic Games/4.12/Engine/Binaries/Win64/../../../Engine/Shaders/VulkanCommon.usf" 177
"D:/Programs/Epic Games/4.12/Engine/Binaries/Win64/../../../Engine/Shaders/ShaderVersion.usf" 178
"D:/Programs/Epic Games/4.12/Engine/Binaries/Win64/../../../Engine/Shaders/CommonViewUniformBuffer.usf" 179
"D:/Programs/Epic Games/4.12/Engine/Binaries/Win64/../../../Engine/Shaders/InstancedStereo.usf" 180
"D:/Programs/Epic Games/4.12/Engine/Binaries/Win64/../../../Engine/Shaders/Definitions.usf" 181
"D:/Programs/Epic Games/4.12/Engine/Binaries/Win64/../../../Engine/Shaders/Random.usf" 182
"D:/Programs/Epic Games/4.12/Engine/Binaries/Win64/../../../Engine/Shaders/ParticleSpriteVertexFactory.usf" 183
"D:/Programs/Epic Games/4.12/Engine/Binaries/Win64/../../../Engine/Shaders/ParticleVertexFactoryCommon.usf" 184
"D:/Programs/Epic Games/4.12/Engine/Binaries/Win64/../../../Engine/Shaders/ParticleGPUSpriteVertexFactory.usf" 185
"D:/Programs/Epic Games/4.12/Engine/Binaries/Win64/../../../Engine/Shaders/ParticleBeamTrailVertexFactory.usf" 186
"D:/Programs/Epic Games/4.12/Engine/Binaries/Win64/../../../Engine/Shaders/MeshParticleVertexFactory.usf" 187
"D:/Programs/Epic Games/4.12/Engine/Binaries/Win64/../../../Engine/Shaders/LocalVertexFactory.usf" 188
"D:/Programs/Epic Games/4.12/Engine/Binaries/Win64/../../../Engine/Shaders/LocalVertexFactoryCommon.usf" 189
"D:/Programs/Epic Games/4.12/Engine/Binaries/Win64/../../../Engine/Shaders/GpuSkinCommon.usf" 190
"D:/Programs/Epic Games/4.12/Engine/Binaries/Win64/../../../Engine/Shaders/GpuSkinVertexFactory.usf" 191
"D:/Programs/Epic Games/4.12/Engine/Binaries/Win64/../../../Engine/Shaders/LandscapeVertexFactory.usf" 192
"D:/Programs/Epic Games/4.12/Engine/Binaries/Win64/../../../Engine/Shaders/SlateElementPixelShader.usf" 193
"D:/Programs/Epic Games/4.12/Engine/Binaries/Win64/../../../Engine/Shaders/GammaCorrectionCommon.usf" 194
"D:/Programs/Epic Games/4.12/Engine/Binaries/Win64/../../../Engine/Shaders/SlateShaderCommon.usf" 195
"D:/Programs/Epic Games/4.12/Engine/Binaries/Win64/../../../Engine/Shaders/MaterialTemplate.usf" 196
"D:/Programs/Epic Games/4.12/Engine/Binaries/Win64/../../../Engine/Shaders/DepthOfFieldCommon.usf" 197
"D:/Programs/Epic Games/4.12/Engine/Binaries/Win64/../../../Engine/Shaders/CircleDOFCommon.usf" 198
"D:/Programs/Epic Games/4.12/Engine/Binaries/Win64/../../../Engine/Shaders/GlobalDistanceFieldShared.usf" 199
"D:/Programs/Epic Games/4.12/Engine/Binaries/Win64/../../../Engine/Shaders/SpeedTreeCommon.usf" 200
"D:/Programs/Epic Games/4.12/Engine/Binaries/Win64/../../../Engine/Shaders/MinMaterialTexCoords.usf" 201
"D:/Programs/Epic Games/4.12/Engine/Binaries/Win64/../../../Engine/Shaders/AtmosphereCommon.usf" 202
"D:/Programs/Epic Games/4.12/Engine/Binaries/Win64/../../../Engine/Shaders/PaniniProjection.usf" 203
"D:/Programs/Epic Games/4.12/Engine/Binaries/Win64/../../../Engine/Shaders/EyeAdaptationCommon.usf" 204
"D:/Programs/Epic Games/4.12/Engine/Binaries/Win64/../../../Engine/Shaders/PostProcessCommon.usf" 205
"D:/Programs/Epic Games/4.12/Engine/Binaries/Win64/../../../Engine/Shaders/DeferredShadingCommon.usf" 206
"D:/Programs/Epic Games/4.12/Engine/Binaries/Win64/../../../Engine/Shaders/LightAccumulator.usf" 207
"D:/Programs/Epic Games/4.12/Engine/Binaries/Win64/../../../Engine/Shaders/SlateVertexShader.usf" 208
"D:/Programs/Epic Games/4.12/Engine/Binaries/Win64/../../../Engine/Shaders/VectorFieldCompositeShaders.usf" 209
"D:/Programs/Epic Games/4.12/Engine/Binaries/Win64/../../../Engine/Shaders/UpdateTextureShaders.usf" 210
"D:/Programs/Epic Games/4.12/Engine/Binaries/Win64/../../../Engine/Shaders/SimpleElementColorChannelMaskPixelShader.usf" 211
"D:/Programs/Epic Games/4.12/Engine/Binaries/Win64/../../../Engine/Shaders/SimpleElementPixelShader.usf" 212
"D:/Programs/Epic Games/4.12/Engine/Binaries/Win64/../../../Engine/Shaders/ColorUtils.usf" 213
"D:/Programs/Epic Games/4.12/Engine/Binaries/Win64/../../../Engine/Shaders/IESLightProfilesCommon.usf" 214
"D:/Programs/Epic Games/4.12/Engine/Binaries/Win64/../../../Engine/Shaders/SimpleElementHitProxyPixelShader.usf" 215
"D:/Programs/Epic Games/4.12/Engine/Binaries/Win64/../../../Engine/Shaders/SimpleElementVertexShader.usf" 216
"D:/Programs/Epic Games/4.12/Engine/Binaries/Win64/../../../Engine/Shaders/ScreenVertexShader.usf" 217
"D:/Programs/Epic Games/4.12/Engine/Binaries/Win64/../../../Engine/Shaders/ScreenPixelShader.usf" 218
"D:/Programs/Epic Games/4.12/Engine/Binaries/Win64/../../../Engine/Shaders/ParticleSortKeyGen.usf" 219
"D:/Programs/Epic Games/4.12/Engine/Binaries/Win64/../../../Engine/Shaders/ParticleBoundsShader.usf" 220
"D:/Programs/Epic Games/4.12/Engine/Binaries/Win64/../../../Engine/Shaders/ParticleSimVisualizeShader.usf" 221
"D:/Programs/Epic Games/4.12/Engine/Binaries/Win64/../../../Engine/Shaders/ParticleInjectionShader.usf" 222
"D:/Programs/Epic Games/4.12/Engine/Binaries/Win64/../../../Engine/Shaders/ParticleSimulationShader.usf" 223
"D:/Programs/Epic Games/4.12/Engine/Binaries/Win64/../../../Engine/Shaders/ParticleCurveInjectionShader.usf" 224
"D:/Programs/Epic Games/4.12/Engine/Binaries/Win64/../../../Engine/Shaders/RadixSortShaders.usf" 225
"D:/Programs/Epic Games/4.12/Engine/Binaries/Win64/../../../Engine/Shaders/RecomputeTangentsPerVertexPass.usf" 226
"D:/Programs/Epic Games/4.12/Engine/Binaries/Win64/../../../Engine/Shaders/RecomputeTangentsCommon.usf" 227
"D:/Programs/Epic Games/4.12/Engine/Binaries/Win64/../../../Engine/Shaders/RecomputeTangentsPerTrianglePass.usf" 228
"D:/Programs/Epic Games/4.12/Engine/Binaries/Win64/../../../Engine/Shaders/FastMath.usf" 229
"D:/Programs/Epic Games/4.12/Engine/Binaries/Win64/../../../Engine/Shaders/GpuSkinCacheComputeShader.usf" 230
"D:/Programs/Epic Games/4.12/Engine/Binaries/Win64/../../../Engine/Shaders/NullPixelShader.usf" 231
"D:/Programs/Epic Games/4.12/Engine/Binaries/Win64/../../../Engine/Shaders/LandscapeGrassWeight.usf" 232
"D:/Programs/Epic Games/4.12/Engine/Binaries/Win64/../../../Engine/Shaders/VertexDensityShader.usf" 233
"D:/Programs/Epic Games/4.12/Engine/Binaries/Win64/../../../Engine/Shaders/VelocityShader.usf" 234
"D:/Programs/Epic Games/4.12/Engine/Binaries/Win64/../../../Engine/Shaders/VelocityCommon.usf" 235
"D:/Programs/Epic Games/4.12/Engine/Binaries/Win64/../../../Engine/Shaders/Tessellation.usf" 236
"D:/Programs/Epic Games/4.12/Engine/Binaries/Win64/../../../Engine/Shaders/FlatTessellation.usf" 237
"D:/Programs/Epic Games/4.12/Engine/Binaries/Win64/../../../Engine/Shaders/PNTriangles.usf" 238
"D:/Programs/Epic Games/4.12/Engine/Binaries/Win64/../../../Engine/Shaders/TranslucentLightingShaders.usf" 239
"D:/Programs/Epic Games/4.12/Engine/Binaries/Win64/../../../Engine/Shaders/SHCommon.usf" 240
"D:/Programs/Epic Games/4.12/Engine/Binaries/Win64/../../../Engine/Shaders/ShadowProjectionCommon.usf" 241
"D:/Programs/Epic Games/4.12/Engine/Binaries/Win64/../../../Engine/Shaders/CubemapCommon.usf" 242
"D:/Programs/Epic Games/4.12/Engine/Binaries/Win64/../../../Engine/Shaders/TranslucentLightInjectionShaders.usf" 243
"D:/Programs/Epic Games/4.12/Engine/Binaries/Win64/../../../Engine/Shaders/DynamicLightingCommon.usf" 244
"D:/Programs/Epic Games/4.12/Engine/Binaries/Win64/../../../Engine/Shaders/LightFunctionCommon.usf" 245
"D:/Programs/Epic Games/4.12/Engine/Binaries/Win64/../../../Engine/Shaders/TranslucentShadowDepthShaders.usf" 246
"D:/Programs/Epic Games/4.12/Engine/Binaries/Win64/../../../Engine/Shaders/ShadowDepthCommon.usf" 247
"D:/Programs/Epic Games/4.12/Engine/Binaries/Win64/../../../Engine/Shaders/TiledDeferredLightShaders.usf" 248
"D:/Programs/Epic Games/4.12/Engine/Binaries/Win64/../../../Engine/Shaders/DeferredLightingCommon.usf" 249
"D:/Programs/Epic Games/4.12/Engine/Binaries/Win64/../../../Engine/Shaders/BRDF.usf" 250
"D:/Programs/Epic Games/4.12/Engine/Binaries/Win64/../../../Engine/Shaders/MonteCarlo.usf" 251
"D:/Programs/Epic Games/4.12/Engine/Binaries/Win64/../../../Engine/Shaders/ShadingModels.usf" 252
"D:/Programs/Epic Games/4.12/Engine/Binaries/Win64/../../../Engine/Shaders/SurfelTree.usf" 253
"D:/Programs/Epic Games/4.12/Engine/Binaries/Win64/../../../Engine/Shaders/DistanceFieldLightingShared.usf" 254
"D:/Programs/Epic Games/4.12/Engine/Binaries/Win64/../../../Engine/Shaders/SurfelMaterialShared.usf" 255
"D:/Programs/Epic Games/4.12/Engine/Binaries/Win64/../../../Engine/Shaders/DistanceFieldAOShared.usf" 256
"D:/Programs/Epic Games/4.12/Engine/Binaries/Win64/../../../Engine/Shaders/ShadowProjectionPixelShader.usf" 257
"D:/Programs/Epic Games/4.12/Engine/Binaries/Win64/../../../Engine/Shaders/ShadowFilteringCommon.usf" 258
"D:/Programs/Epic Games/4.12/Engine/Binaries/Win64/../../../Engine/Shaders/ShadowProjectionVertexShader.usf" 259
"D:/Programs/Epic Games/4.12/Engine/Binaries/Win64/../../../Engine/Shaders/ShadowDepthPixelShader.usf" 260
"D:/Programs/Epic Games/4.12/Engine/Binaries/Win64/../../../Engine/Shaders/LPVWriteVplCommon.usf" 261
"D:/Programs/Epic Games/4.12/Engine/Binaries/Win64/../../../Engine/Shaders/LPVWriteCommon.usf" 262
"D:/Programs/Epic Games/4.12/Engine/Binaries/Win64/../../../Engine/Shaders/LPVCommon.usf" 263
"D:/Programs/Epic Games/4.12/Engine/Binaries/Win64/../../../Engine/Shaders/ShadowDepthVertexShader.usf" 264
"D:/Programs/Epic Games/4.12/Engine/Binaries/Win64/../../../Engine/Shaders/QuadComplexityAccumulatePixelShader.usf" 265
"D:/Programs/Epic Games/4.12/Engine/Binaries/Win64/../../../Engine/Shaders/QuadOverdraw.usf" 266
"D:/Programs/Epic Games/4.12/Engine/Binaries/Win64/../../../Engine/Shaders/DebugViewModeCommon.usf" 267
"D:/Programs/Epic Games/4.12/Engine/Binaries/Win64/../../../Engine/Shaders/ShaderComplexityAccumulatePixelShader.usf" 268
"D:/Programs/Epic Games/4.12/Engine/Binaries/Win64/../../../Engine/Shaders/HZBOcclusion.usf" 269
"D:/Programs/Epic Games/4.12/Engine/Binaries/Win64/../../../Engine/Shaders/OcclusionQueryVertexShader.usf" 270
"D:/Programs/Epic Games/4.12/Engine/Binaries/Win64/../../../Engine/Shaders/HitProxyPixelShader.usf" 271
"D:/Programs/Epic Games/4.12/Engine/Binaries/Win64/../../../Engine/Shaders/HitProxyVertexShader.usf" 272
"D:/Programs/Epic Games/4.12/Engine/Binaries/Win64/../../../Engine/Shaders/ReflectionEnvironmentShaders.usf" 273
"D:/Programs/Epic Games/4.12/Engine/Binaries/Win64/../../../Engine/Shaders/ReflectionEnvironmentShared.usf" 274
"D:/Programs/Epic Games/4.12/Engine/Binaries/Win64/../../../Engine/Shaders/SkyLightingShared.usf" 275
"D:/Programs/Epic Games/4.12/Engine/Binaries/Win64/../../../Engine/Shaders/ReflectionEnvironmentComputeShaders.usf" 276
"D:/Programs/Epic Games/4.12/Engine/Binaries/Win64/../../../Engine/Shaders/PrimitiveDistanceAccuracyPixelShader.usf" 277
"D:/Programs/Epic Games/4.12/Engine/Binaries/Win64/../../../Engine/Shaders/PreCullTriangles.usf" 278
"D:/Programs/Epic Games/4.12/Engine/Binaries/Win64/../../../Engine/Shaders/VisualizeTexture.usf" 279
"D:/Programs/Epic Games/4.12/Engine/Binaries/Win64/../../../Engine/Shaders/VisualizeShadingModels.usf" 280
"D:/Programs/Epic Games/4.12/Engine/Binaries/Win64/../../../Engine/Shaders/PostProcessHistogramCommon.usf" 281
"D:/Programs/Epic Games/4.12/Engine/Binaries/Win64/../../../Engine/Shaders/ScreenSpaceReflections.usf" 282
"D:/Programs/Epic Games/4.12/Engine/Binaries/Win64/../../../Engine/Shaders/ScreenSpaceRayCast.usf" 283
"D:/Programs/Epic Games/4.12/Engine/Binaries/Win64/../../../Engine/Shaders/FilterVertexShader.usf" 284
"D:/Programs/Epic Games/4.12/Engine/Binaries/Win64/../../../Engine/Shaders/FilterPixelShader.usf" 285
"D:/Programs/Epic Games/4.12/Engine/Binaries/Win64/../../../Engine/Shaders/PostProcessVisualizeHDR.usf" 286
"D:/Programs/Epic Games/4.12/Engine/Binaries/Win64/../../../Engine/Shaders/TonemapCommon.usf" 287
"D:/Programs/Epic Games/4.12/Engine/Binaries/Win64/../../../Engine/Shaders/ACES.usf" 288
"D:/Programs/Epic Games/4.12/Engine/Binaries/Win64/../../../Engine/Shaders/MiniFontCommon.usf" 289
"D:/Programs/Epic Games/4.12/Engine/Binaries/Win64/../../../Engine/Shaders/ShaderComplexityApplyPixelShader.usf" 290
"D:/Programs/Epic Games/4.12/Engine/Binaries/Win64/../../../Engine/Shaders/PostProcessVisualizeBuffer.usf" 291
"D:/Programs/Epic Games/4.12/Engine/Binaries/Win64/../../../Engine/Shaders/PostProcessUpscale.usf" 292
"D:/Programs/Epic Games/4.12/Engine/Binaries/Win64/../../../Engine/Shaders/PostProcessTonemap.usf" 293
"D:/Programs/Epic Games/4.12/Engine/Binaries/Win64/../../../Engine/Shaders/PostProcessTestImage.usf" 294
"D:/Programs/Epic Games/4.12/Engine/Binaries/Win64/../../../Engine/Shaders/PostProcessTemporalAA.usf" 295
"D:/Programs/Epic Games/4.12/Engine/Binaries/Win64/../../../Engine/Shaders/PostProcessTemporalCommon.usf" 296
"D:/Programs/Epic Games/4.12/Engine/Binaries/Win64/../../../Engine/Shaders/PostProcessSubsurface.usf" 297
"D:/Programs/Epic Games/4.12/Engine/Binaries/Win64/../../../Engine/Shaders/SeparableSSS.usf" 298
"D:/Programs/Epic Games/4.12/Engine/Binaries/Win64/../../../Engine/Shaders/PostProcessSelectionOutline.usf" 299
"D:/Programs/Epic Games/4.12/Engine/Binaries/Win64/../../../Engine/Shaders/PostProcessNoiseBlur.usf" 300
"D:/Programs/Epic Games/4.12/Engine/Binaries/Win64/../../../Engine/Shaders/PostProcessMotionBlur.usf" 301
"D:/Programs/Epic Games/4.12/Engine/Binaries/Win64/../../../Engine/Shaders/PostProcessVelocityFlatten.usf" 302
"D:/Programs/Epic Games/4.12/Engine/Binaries/Win64/../../../Engine/Shaders/PostProcessMobile.usf" 303
"D:/Programs/Epic Games/4.12/Engine/Binaries/Win64/../../../Engine/Shaders/PostProcessMaterialShaders.usf" 304
"D:/Programs/Epic Games/4.12/Engine/Binaries/Win64/../../../Engine/Shaders/PostProcessLensFlares.usf" 305
"D:/Programs/Epic Games/4.12/Engine/Binaries/Win64/../../../Engine/Shaders/PostProcessLensBlur.usf" 306
"D:/Programs/Epic Games/4.12/Engine/Binaries/Win64/../../../Engine/Shaders/PostProcessBloom.usf" 307
"D:/Programs/Epic Games/4.12/Engine/Binaries/Win64/../../../Engine/Shaders/PostProcessHMD.usf" 308
"D:/Programs/Epic Games/4.12/Engine/Binaries/Win64/../../../Engine/Shaders/PostProcessHistogramReduce.usf" 309
"D:/Programs/Epic Games/4.12/Engine/Binaries/Win64/../../../Engine/Shaders/PostProcessHistogram.usf" 310
"D:/Programs/Epic Games/4.12/Engine/Binaries/Win64/../../../Engine/Shaders/PostProcessHierarchical.usf" 311
"D:/Programs/Epic Games/4.12/Engine/Binaries/Win64/../../../Engine/Shaders/PostProcessGBufferHints.usf" 312
"D:/Programs/Epic Games/4.12/Engine/Binaries/Win64/../../../Engine/Shaders/PostProcessEyeAdaptation.usf" 313
"D:/Programs/Epic Games/4.12/Engine/Binaries/Win64/../../../Engine/Shaders/PostProcessDownsample.usf" 314
"D:/Programs/Epic Games/4.12/Engine/Binaries/Win64/../../../Engine/Shaders/PostProcessDOF.usf" 315
"D:/Programs/Epic Games/4.12/Engine/Binaries/Win64/../../../Engine/Shaders/PostProcessCompositeEditorPrimitives.usf" 316
"D:/Programs/Epic Games/4.12/Engine/Binaries/Win64/../../../Engine/Shaders/PostProcessCombineLUTs.usf" 317
"D:/Programs/Epic Games/4.12/Engine/Binaries/Win64/../../../Engine/Shaders/PostProcessCircleDOF.usf" 318
"D:/Programs/Epic Games/4.12/Engine/Binaries/Win64/../../../Engine/Shaders/PostProcessBusyWait.usf" 319
"D:/Programs/Epic Games/4.12/Engine/Binaries/Win64/../../../Engine/Shaders/PostProcessPassThrough.usf" 320
"D:/Programs/Epic Games/4.12/Engine/Binaries/Win64/../../../Engine/Shaders/PostProcessBokehDOF.usf" 321
"D:/Programs/Epic Games/4.12/Engine/Binaries/Win64/../../../Engine/Shaders/SeparateTranslucency.usf" 322
"D:/Programs/Epic Games/4.12/Engine/Binaries/Win64/../../../Engine/Shaders/PostProcessVisualizeDOF.usf" 323
"D:/Programs/Epic Games/4.12/Engine/Binaries/Win64/../../../Engine/Shaders/FXAAShader.usf" 324
"D:/Programs/Epic Games/4.12/Engine/Binaries/Win64/../../../Engine/Shaders/Fxaa3_11.usf" 325
"D:/Programs/Epic Games/4.12/Engine/Binaries/Win64/../../../Engine/Shaders/PlanarReflectionShaders.usf" 326
"D:/Programs/Epic Games/4.12/Engine/Binaries/Win64/../../../Engine/Shaders/PlanarReflectionShared.usf" 327
"D:/Programs/Epic Games/4.12/Engine/Binaries/Win64/../../../Engine/Shaders/MeshTexCoordSizeAccuracyPixelShader.usf" 328
"D:/Programs/Epic Games/4.12/Engine/Binaries/Win64/../../../Engine/Shaders/MaterialTexCoordScalesPixelShader.usf" 329
"D:/Programs/Epic Games/4.12/Engine/Binaries/Win64/../../../Engine/Shaders/LightShaftShader.usf" 330
"D:/Programs/Epic Games/4.12/Engine/Binaries/Win64/../../../Engine/Shaders/StationaryLightOverlapShaders.usf" 331
"D:/Programs/Epic Games/4.12/Engine/Binaries/Win64/../../../Engine/Shaders/DeferredLightPixelShaders.usf" 332
"D:/Programs/Epic Games/4.12/Engine/Binaries/Win64/../../../Engine/Shaders/DeferredLightVertexShaders.usf" 333
"D:/Programs/Epic Games/4.12/Engine/Binaries/Win64/../../../Engine/Shaders/LPVVisualise.usf" 334
"D:/Programs/Epic Games/4.12/Engine/Binaries/Win64/../../../Engine/Shaders/LPVGeometryVolumeCommon.usf" 335
"D:/Programs/Epic Games/4.12/Engine/Binaries/Win64/../../../Engine/Shaders/LPVDirectLightInject.usf" 336
"D:/Programs/Epic Games/4.12/Engine/Binaries/Win64/../../../Engine/Shaders/LPVPropagate.usf" 337
"D:/Programs/Epic Games/4.12/Engine/Binaries/Win64/../../../Engine/Shaders/LPVPacking.usf" 338
"D:/Programs/Epic Games/4.12/Engine/Binaries/Win64/../../../Engine/Shaders/LPVBuildGeometryVolume.usf" 339
"D:/Programs/Epic Games/4.12/Engine/Binaries/Win64/../../../Engine/Shaders/LpvDirectionalOcclusion.usf" 340
"D:/Programs/Epic Games/4.12/Engine/Binaries/Win64/../../../Engine/Shaders/LPVInject_AccumulateVplLists.usf" 341
"D:/Programs/Epic Games/4.12/Engine/Binaries/Win64/../../../Engine/Shaders/LPVInject_GenerateVplLists.usf" 342
"D:/Programs/Epic Games/4.12/Engine/Binaries/Win64/../../../Engine/Shaders/LPVClearLists.usf" 343
"D:/Programs/Epic Games/4.12/Engine/Binaries/Win64/../../../Engine/Shaders/LPVClear.usf" 344
"D:/Programs/Epic Games/4.12/Engine/Binaries/Win64/../../../Engine/Shaders/LightMapDensityShader.usf" 345
"D:/Programs/Epic Games/4.12/Engine/Binaries/Win64/../../../Engine/Shaders/LightFunctionPixelShader.usf" 346
"D:/Programs/Epic Games/4.12/Engine/Binaries/Win64/../../../Engine/Shaders/LightFunctionVertexShader.usf" 347
"D:/Programs/Epic Games/4.12/Engine/Binaries/Win64/../../../Engine/Shaders/HeightfieldLighting.usf" 348
"D:/Programs/Epic Games/4.12/Engine/Binaries/Win64/../../../Engine/Shaders/DistanceFieldShadowingShared.usf" 349
"D:/Programs/Epic Games/4.12/Engine/Binaries/Win64/../../../Engine/Shaders/HeightfieldLightingShared.usf" 350
"D:/Programs/Epic Games/4.12/Engine/Binaries/Win64/../../../Engine/Shaders/HdrCustomResolveShaders.usf" 351
"D:/Programs/Epic Games/4.12/Engine/Binaries/Win64/../../../Engine/Shaders/GPUBenchmark.usf" 352
"D:/Programs/Epic Games/4.12/Engine/Binaries/Win64/../../../Engine/Shaders/GlobalDistanceField.usf" 353
"D:/Programs/Epic Games/4.12/Engine/Binaries/Win64/../../../Engine/Shaders/GammaCorrection.usf" 354
"D:/Programs/Epic Games/4.12/Engine/Binaries/Win64/../../../Engine/Shaders/BasePassForForwardShadingPixelShader.usf" 355
"D:/Programs/Epic Games/4.12/Engine/Binaries/Win64/../../../Engine/Shaders/BasePassForForwardShadingCommon.usf" 356
"D:/Programs/Epic Games/4.12/Engine/Binaries/Win64/../../../Engine/Shaders/LightmapCommon.usf" 357
"D:/Programs/Epic Games/4.12/Engine/Binaries/Win64/../../../Engine/Shaders/BasePassForForwardShadingVertexShader.usf" 358
"D:/Programs/Epic Games/4.12/Engine/Binaries/Win64/../../../Engine/Shaders/HeightFogCommon.usf" 359
"D:/Programs/Epic Games/4.12/Engine/Binaries/Win64/../../../Engine/Shaders/HeightFogPixelShader.usf" 360
"D:/Programs/Epic Games/4.12/Engine/Binaries/Win64/../../../Engine/Shaders/HeightFogVertexShader.usf" 361
"D:/Programs/Epic Games/4.12/Engine/Binaries/Win64/../../../Engine/Shaders/DistortAccumulatePS.usf" 362
"D:/Programs/Epic Games/4.12/Engine/Binaries/Win64/../../../Engine/Shaders/DistortAccumulateVS.usf" 363
"D:/Programs/Epic Games/4.12/Engine/Binaries/Win64/../../../Engine/Shaders/DistortApplyScreenPS.usf" 364
"D:/Programs/Epic Games/4.12/Engine/Binaries/Win64/../../../Engine/Shaders/DistanceFieldSurfaceCacheLighting.usf" 365
"D:/Programs/Epic Games/4.12/Engine/Binaries/Win64/../../../Engine/Shaders/SkyLighting.usf" 366
"D:/Programs/Epic Games/4.12/Engine/Binaries/Win64/../../../Engine/Shaders/DistanceFieldSurfaceCacheLightingCompute.usf" 367
"D:/Programs/Epic Games/4.12/Engine/Binaries/Win64/../../../Engine/Shaders/DistanceFieldSpecularOcclusion.usf" 368
"D:/Programs/Epic Games/4.12/Engine/Binaries/Win64/../../../Engine/Shaders/DistanceFieldShadowing.usf" 369
"D:/Programs/Epic Games/4.12/Engine/Binaries/Win64/../../../Engine/Shaders/DistanceFieldScreenGridLighting.usf" 370
"D:/Programs/Epic Games/4.12/Engine/Binaries/Win64/../../../Engine/Shaders/DistanceFieldLightingPost.usf" 371
"D:/Programs/Epic Games/4.12/Engine/Binaries/Win64/../../../Engine/Shaders/DistanceFieldGlobalIllumination.usf" 372
"D:/Programs/Epic Games/4.12/Engine/Binaries/Win64/../../../Engine/Shaders/DepthOnlyPixelShader.usf" 373
"D:/Programs/Epic Games/4.12/Engine/Binaries/Win64/../../../Engine/Shaders/DepthOnlyVertexShader.usf" 374
"D:/Programs/Epic Games/4.12/Engine/Binaries/Win64/../../../Engine/Shaders/PositionOnlyDepthVertexShader.usf" 375
"D:/Programs/Epic Games/4.12/Engine/Binaries/Win64/../../../Engine/Shaders/DownsampleDepthPixelShader.usf" 376
"D:/Programs/Epic Games/4.12/Engine/Binaries/Win64/../../../Engine/Shaders/DitheredTransitionStencil.usf" 377
"D:/Programs/Epic Games/4.12/Engine/Binaries/Win64/../../../Engine/Shaders/DeferredDecal.usf" 378
"D:/Programs/Epic Games/4.12/Engine/Binaries/Win64/../../../Engine/Shaders/MissingShaderPixelShader.usf" 379
"D:/Programs/Epic Games/4.12/Engine/Binaries/Win64/../../../Engine/Shaders/DebugviewModeVertexShader.usf" 380
"D:/Programs/Epic Games/4.12/Engine/Binaries/Win64/../../../Engine/Shaders/EvaluateSurfelMaterial.usf" 381
"D:/Programs/Epic Games/4.12/Engine/Binaries/Win64/../../../Engine/Shaders/ConvertToUniformMesh.usf" 382
"D:/Programs/Epic Games/4.12/Engine/Binaries/Win64/../../../Engine/Shaders/PostProcessLpvIndirect.usf" 383
"D:/Programs/Epic Games/4.12/Engine/Binaries/Win64/../../../Engine/Shaders/LPVFinalPass.usf" 384
"D:/Programs/Epic Games/4.12/Engine/Binaries/Win64/../../../Engine/Shaders/PostProcessAmbientOcclusion.usf" 385
"D:/Programs/Epic Games/4.12/Engine/Binaries/Win64/../../../Engine/Shaders/PostProcessAmbient.usf" 386
"D:/Programs/Epic Games/4.12/Engine/Binaries/Win64/../../../Engine/Shaders/CapsuleShadowShaders.usf" 387
"D:/Programs/Epic Games/4.12/Engine/Binaries/Win64/../../../Engine/Shaders/BasePassPixelShader.usf" 388
"D:/Programs/Epic Games/4.12/Engine/Binaries/Win64/../../../Engine/Shaders/BasePassCommon.usf" 389
"D:/Programs/Epic Games/4.12/Engine/Binaries/Win64/../../../Engine/Shaders/ForEachLight.usf" 390
"D:/Programs/Epic Games/4.12/Engine/Binaries/Win64/../../../Engine/Shaders/BasePassVertexShader.usf" 391
"D:/Programs/Epic Games/4.12/Engine/Binaries/Win64/../../../Engine/Shaders/BasePassVertexCommon.usf" 392
"D:/Programs/Epic Games/4.12/Engine/Binaries/Win64/../../../Engine/Shaders/BasePassTessellationShaders.usf" 393
"D:/Programs/Epic Games/4.12/Engine/Binaries/Win64/../../../Engine/Shaders/AtmospherePrecomputeInscatter.usf" 394
"D:/Programs/Epic Games/4.12/Engine/Binaries/Win64/../../../Engine/Shaders/AtmospherePrecomputeCommon.usf" 395
"D:/Programs/Epic Games/4.12/Engine/Binaries/Win64/../../../Engine/Shaders/AtmospherePrecompute.usf" 396
"D:/Programs/Epic Games/4.12/Engine/Binaries/Win64/../../../Engine/Shaders/AtmosphericFogShader.usf" 397
"D:/Programs/Epic Games/4.12/Engine/Binaries/Win64/../../../Engine/Shaders/ResolveVertexShader.usf" 398
"D:/Programs/Epic Games/4.12/Engine/Binaries/Win64/../../../Engine/Shaders/ResolvePixelShader.usf" 399
"D:/Programs/Epic Games/4.12/Engine/Binaries/Win64/../../../Engine/Shaders/OneColorShader.usf" 400
"D:/Programs/Epic Games/4.12/Engine/Binaries/Win64/../../../Engine/Shaders/MediaShaders.usf" 401
"D:/Programs/Epic Games/4.12/Engine/Binaries/Win64/../../../Engine/Shaders/ClearReplacementShaders.usf" 402
"D:/Programs/Epic Games/4.12/Engine/Binaries/Win64/../../../Engine/Shaders/SimpleElementTexture2DPreviewPixelShader.usf" 403
"D:/Programs/Epic Games/4.12/Engine/Binaries/Win64/../../../Engine/Shaders/SimpleElementNormalMapPixelShader.usf" 404
"D:/Programs/Epic Games/4.12/Engine/Binaries/Win64/../../../Engine/Shaders/meshpaintdilatepixelshader.usf" 405
"D:/Programs/Epic Games/4.12/Engine/Binaries/Win64/../../../Engine/Shaders/meshpaintdilatevertexshader.usf" 406
"D:/Programs/Epic Games/4.12/Engine/Binaries/Win64/../../../Engine/Shaders/MeshPaintPixelShader.usf" 407
"D:/Programs/Epic Games/4.12/Engine/Binaries/Win64/../../../Engine/Shaders/MeshPaintVertexShader.usf" 408
"C:/Users/c0uch/AppData/Local/UnrealEngine/4.12/DerivedDataCache/Boot.ddc" 409
"../../../Engine/DerivedDataCache/Compressed.ddp" 410
"../../../Engine/Content/EditorResources/S_Actor.uasset" 411
"D:/Unreal Projects/Catan/Saved/Config/WindowsNoEditor/Engine.ini" 412
"../../../Engine/Config/Android/AndroidEngine.ini" 413
"../../../Engine/Config/IOS/IOSEngine.ini" 414
"../../../Engine/Config/Linux/LinuxEngine.ini" 415
"D:/Unreal Projects/Catan/Saved/Config/Windows/GameplayTags.ini" 416
"../../../../../../Unreal Projects/Catan/Intermediate/Config/CoalescedSourceConfigs/GameplayTags.ini" 417
"../../../Engine/Content/EngineResources/AICON-Red.uasset" 418
"../../../Engine/Content/EngineResources/AICON-Green.uasset" 419
"D:/Unreal Projects/Catan/Saved/Config/Windows/TemplateDefs.ini" 420
"../../../../../../Unreal Projects/Catan/Intermediate/Config/CoalescedSourceConfigs/TemplateDefs.ini" 421
"../../../Engine/Content/EngineFonts/Roboto.uasset" 422
"../../../Engine/Content/EngineMaterials/Widget3DPassThrough_Translucent.uasset" 423
"../../../Engine/Content/EngineMaterials/Widget3DPassThrough.uasset" 424
"../../../Engine/Content/Functions/Engine_MaterialFunctions01/Texturing/ScaleUVsByCenter.uasset" 425
"../../../Engine/Content/Functions/Engine_MaterialFunctions02/Utility/BreakOutFloat2Components.uasset" 426
"../../../Engine/Content/Functions/Engine_MaterialFunctions02/ScreenResolution.uasset" 427
"../../../Engine/Content/Functions/Engine_MaterialFunctions02/Texturing/ScreenAlignedUVs.uasset" 428
"../../../Engine/Content/EngineResources/WhiteSquareTexture.uasset" 429
"../../../Engine/Content/Functions/Engine_MaterialFunctions01/Shading/PowerToRoughness.uasset" 430
"../../../Engine/Content/Functions/Engine_MaterialFunctions01/Shading/ConvertFromDiffSpec.uasset" 431
"../../../Engine/Content/EngineMaterials/WorldGridMaterial.uasset" 432
"../../../Engine/Content/Functions/Engine_MaterialFunctions01/Opacity/CameraDepthFade.uasset" 433
"../../../Engine/Content/EngineMaterials/T_Default_Material_Grid_M.uasset" 434
"../../../Engine/Content/EngineMaterials/T_Default_Material_Grid_N.uasset" 435
"../../../Engine/Content/EngineMaterials/DefaultDeferredDecalMaterial.uasset" 436
"../../../Engine/Content/EngineMaterials/DefaultDiffuse.uasset" 437
"../../../Engine/Content/EngineMaterials/DefaultLightFunctionMaterial.uasset" 438
"../../../Engine/Content/EngineMaterials/DefaultPostProcessMaterial.uasset" 439
"../../../Engine/Content/EngineResources/DefaultTexture.uasset" 440
"../../../Engine/Content/EngineMaterials/Widget3DPassThrough_Translucent_OneSided.uasset" 441
"../../../Engine/Content/EngineMaterials/Widget3DPassThrough_Opaque.uasset" 442
"../../../Engine/Content/EngineMaterials/Widget3DPassThrough_Opaque_OneSided.uasset" 443
"../../../Engine/Content/EngineMaterials/Widget3DPassThrough_Masked.uasset" 444
"../../../Engine/Content/EngineMaterials/Widget3DPassThrough_Masked_OneSided.uasset" 445
"../../../Engine/Content/Maps/Templates/Thumbnails/Default.uasset" 446
"../../../Engine/Content/Maps/Templates/Thumbnails/VR-Basic.uasset" 447
"../../../Engine/Content/EditorMaterials/ParticleSystems/PSysThumbnail_NoImage.uasset" 448
"../../../Engine/Content/EditorMaterials/ParticleSystems/PSysThumbnail_OOD.uasset" 449
"../../../Engine/Content/EditorLandscapeResources/DataLayer.uasset" 450
"../../../Engine/Content/EngineDamageTypes/DmgTypeBP_Environmental.uasset" 451
"..\..\..\Engine\Content\Internationalization\icudt53l\numberingSystems.res" 452
"..\..\..\Engine\Content\Internationalization\icudt53l\curr\supplementalData.res" 453
"..\..\..\Engine\Content\Internationalization\icudt53l\curr\pool.res" 454
"..\..\..\Engine\Content\Internationalization\icudt53l\curr\en.res" 455
"..\..\..\Engine\Content\Internationalization\icudt53l\curr\root.res" 456
"../../../Engine/Content/EngineMeshes/Sphere.uasset" 457
"../../../Engine/Content/EngineFonts/RobotoDistanceField.uasset" 458
"../../../Engine/Content/EngineMaterials/DefaultTextMaterialOpaque.uasset" 459
"../../../Engine/Content/EditorResources/S_Trigger.uasset" 460
"../../../Engine/Content/EngineResources/GradientTexture0.uasset" 461
"../../../Engine/Content/EngineResources/Black.uasset" 462
"../../../Engine/Content/EditorMaterials/MatineeGroups/MAT_Groups_Float.uasset" 463
"../../../Engine/Content/EditorMaterials/MatineeGroups/MAT_Groups_Director.uasset" 464
"../../../Engine/Content/EditorMaterials/MatineeGroups/MAT_Groups_Event.uasset" 465
"../../../Engine/Content/EditorMaterials/MatineeGroups/MAT_Groups_Anim.uasset" 466
"../../../Engine/Content/EditorMaterials/MatineeGroups/MAT_Groups_Fade.uasset" 467
"../../../Engine/Content/EditorMaterials/MatineeGroups/MAT_Groups_Move.uasset" 468
"../../../Engine/Content/EditorMaterials/MatineeGroups/MAT_Groups_Slomo.uasset" 469
"../../../Engine/Content/EditorMaterials/MatineeGroups/MAT_ColorTrack.uasset" 470
"../../../Engine/Content/EditorMaterials/MAT_Groups_Toggle.uasset" 471
"../../../Engine/Content/EditorMaterials/MatineeGroups/MAT_Groups_AudioMaster.uasset" 472
"../../../Engine/Content/EditorMaterials/MatineeGroups/MAT_Groups_Sound.uasset" 473
"../../../Engine/Content/EditorMaterials/MatineeGroups/MAT_Groups_Vector.uasset" 474
"../../../Engine/Content/EditorMaterials/MAT_Groups_Visibility.uasset" 475
"../../../Engine/Content/EngineResources/DefaultTextureCube.uasset" 476
"../../../Engine/Content/EngineSounds/Master.uasset" 477
"../../../Engine/Content/EngineSounds/Music.uasset" 478
"../../../Engine/Content/EngineSounds/SFX.uasset" 479
"../../../Engine/Content/EngineSounds/Normal_Attack.uasset" 480
"../../../Engine/Content/EngineSounds/Special_Attack_PSM.uasset" 481
"../../../Engine/Content/EngineSounds/Duck_Normal_Attack_MixMod.uasset" 482
"../../../Engine/Content/EngineSounds/Voice.uasset" 483
"../../../Engine/Content/EngineMeshes/Cylinder.uasset" 484
"../../../Engine/Content/EngineMaterials/DefaultMaterial.uasset" 485
"../../../Engine/Content/EngineTireTypes/DefaultTireType.uasset" 486
"../../../../../../Unreal Projects/Catan/Intermediate/AssetRegistryCache/5a627529.bin" 487
"../../../../../../Unreal Projects/Catan/Intermediate/AssetRegistryCache/2657c409.bin" 488
"../../../../../../Unreal Projects/Catan/Intermediate/AssetRegistryCache/1d5167fa.bin" 489
"../../../../../../Unreal Projects/Catan/Intermediate/AssetRegistryCache/866581fd.bin" 490
"../../../../../../Unreal Projects/Catan/Intermediate/AssetRegistryCache/94c5d5a7.bin" 491
"../../../../../../Unreal Projects/Catan/Intermediate/AssetRegistryCache/8c0e1344.bin" 492
"../../../Engine/Content/Editor/Slate/Fonts/FontAwesome.ttf" 493
"../../../Engine/Content/Editor/Slate/Fonts/DroidSansMono.ttf" 494
"../../../Engine/Content/Editor/Slate/Fonts/Roboto-BoldCondensed.ttf" 495
"../../../Engine/Content/Editor/Slate/Fonts/Roboto-Black.ttf" 496
"../../../Engine/Content/Editor/Slate/Fonts/Roboto-Italic.ttf" 497
"../../../Engine/Content/Editor/Slate/Fonts/Roboto-BoldCondensedItalic.ttf" 498
"../../../Engine/Content/EditorMeshes/Camera/SM_CraneRig_Base.uasset" 499
"../../../Engine/Content/EditorMaterials/Camera/MI_CineMat_Rig.uasset" 500
"../../../Engine/Content/EditorMaterials/Camera/CineMat.uasset" 501
"../../../Engine/Content/EditorMeshes/Camera/SM_CraneRig_Arm.uasset" 502
"../../../Engine/Content/EditorMeshes/Camera/SM_CraneRig_Mount.uasset" 503
"../../../Engine/Content/EditorMeshes/Camera/SM_CraneRig_Body.uasset" 504
"../../../Engine/Content/EditorMeshes/Camera/SM_RailRig_Track.uasset" 505
"../../../Engine/Content/EditorMeshes/Camera/SM_RailRig_Mount.uasset" 506
"..\..\..\Engine\Content\Internationalization\icudt53l\coll\ucadata.icu" 507
"..\..\..\Engine\Content\Internationalization\icudt53l\nfc.nrm" 508
"..\..\..\Engine\Content\Internationalization\icudt53l\coll\en_US.res" 509
"..\..\..\Engine\Content\Internationalization\icudt53l\coll\en.res" 510
"..\..\..\Engine\Content\Internationalization\icudt53l\coll\root.res" 511
"../../../Engine/Content/VREditor/TransformGizmo/TransformGizmoMaterial.uasset" 512
"../../../Engine/Content/VREditor/LaserPointer/VR_LaserPower_01.uasset" 513
"../../../Engine/Content/VREditor/TransformGizmo/TranslucentTransformGizmoMaterial.uasset" 514
"../../../Engine/Content/VREditor/TransformGizmo/TranslationHandle.uasset" 515
"../../../Engine/Content/VREditor/TransformGizmo/PlaneTranslationHandle.uasset" 516
"../../../Engine/Content/VREditor/TransformGizmo/RotationHandle.uasset" 517
"../../../Engine/Content/VREditor/TransformGizmo/StretchingHandle.uasset" 518
"../../../Engine/Content/VREditor/TransformGizmo/BoundingBoxCorner.uasset" 519
"../../../Engine/Content/VREditor/TransformGizmo/BoundingBoxEdge.uasset" 520
"../../../Engine/Content/VREditor/TransformGizmo/UniformScaleHandle.uasset" 521
"../../../Engine/Content/VREditor/Fonts/VRTextMaterial.uasset" 522
"../../../Engine/Content/VREditor/Fonts/VRText_RobotoLarge.uasset" 523
"../../../Engine/Content/VREditor/FloatingText/LineSegmentCylinder.uasset" 524
"../../../Engine/Content/VREditor/FloatingText/LineMaterial.uasset" 525
"../../../Engine/Content/VREditor/FloatingText/JointSphere.uasset" 526
"../../../Engine/Content/VREditor/Fonts/TranslucentVRTextMaterial.uasset" 527
"../../../Engine/Content/VREditor/UI/SM_ContentWindow_01.uasset" 528
"../../../Engine/Content/VREditor/UI/M_ContentWindow.uasset" 529
"../../../Engine/Content/VREditor/Devices/Vive/UE4_Logo.uasset" 530
"../../../Engine/Content/VREditor/UI/SelectionBarMesh.uasset" 531
"../../../Engine/Content/VREditor/UI/CloseButtonMesh.uasset" 532
"../../../Engine/Content/Tutorial/Basics/LevelEditorOverview.uasset" 533
"../../../Engine/Content/Tutorial/Basics/TutorialAssets/icon_tab_Levels_40x.uasset" 534
"../../../Engine/Content/Tutorial/Basics/LevelEditorAttract.uasset" 535
"../../../Engine/Content/Tutorial/ContentIntroCurve.uasset" 536
"../../../Engine/Plugins/2D/Paper2D/Content/MaskedUnlitSpriteMaterial.uasset" 537
"../../../Engine/Plugins/2D/Paper2D/Content/DefaultSpriteMaterial.uasset" 538
"../../../Engine/Plugins/2D/Paper2D/Content/DummySpriteTexture.uasset" 539
"../../../Engine/Plugins/2D/Paper2D/Content/PlaceholderTextures/DummySpriteTexture.uasset" 540
"../../../Engine/Plugins/2D/Paper2D/Content/OpaqueUnlitSpriteMaterial.uasset" 541
"../../../Engine/Plugins/2D/Paper2D/Content/DefaultPaperTerrainMaterial.uasset" 542
"../../../Engine/Plugins/2D/Paper2D/Content/DummySprite.uasset" 543
"../../../../../../Unreal Projects/Catan/Content/HexagonMesh.uasset" 544
"../../../../../../Unreal Projects/Catan/Content/hextile.uasset" 545
"C:/Users/c0uch/AppData/Local/UnrealEngine/Common/DerivedDataCache/8/8/0/STATICMESH_6F4494992CB61A37E4B1403C6156E6A_8C68575CEF434CA8A9E1DA4AED8A47BB_23__B8439F972C82C91BC6F6B534F10C72E2903C13C4.udd" 546
"C:/Users/c0uch/AppData/Local/UnrealEngine/Common/DerivedDataCache/3/1/6/PHYSX_F4A1A1C74D09407EB40C82094A33556D_PHYSXPC_9366565245ACD24E0F094082248C338__AB748ED90862F9221035AEB8AF637CAD816005AE.udd" 547
"C:/Users/c0uch/AppData/Local/UnrealEngine/4.12/Saved/Config/Windows/SourceControlSettings.ini" 548
"../../../../../../Unreal Projects/Catan/Intermediate/Config/CoalescedSourceConfigs/SourceControlSettings.ini" 549
"D:/Unreal Projects/Catan/Saved/Config/Windows/SourceControlSettings.ini" 550
"../../../Engine/Content/EngineMaterials/RemoveSurfaceMaterial.uasset" 551
"../../../Engine/Content/EngineDebugMaterials/DebugMeshMaterial.uasset" 552
"../../../Engine/Content/EngineMaterials/M_InvalidLightmapSettings.uasset" 553
"../../../Engine/Content/EngineMaterials/InvalidLightmapSettings.uasset" 554
"../../../Engine/Content/EditorMaterials/GizmoMaterial.uasset" 555
"../../../Engine/Content/EngineMaterials/Good64x64TilingNoiseHighFreq.uasset" 556
"../../../Engine/Content/EngineMaterials/DefaultBokeh.uasset" 557
"../../../Engine/Content/EngineMaterials/PreintegratedSkinBRDF.uasset" 558
"../../../Engine/Content/EngineMaterials/MiniFont.uasset" 559
"../../../Engine/Content/EngineMaterials/WeightMapPlaceholderTexture.uasset" 560
"../../../Engine/Content/EngineMaterials/DefaultWhiteGrid.uasset" 561
"../../../Engine/Content/EngineMaterials/DefaultPhysicalMaterial.uasset" 562
"../../../Engine/Content/EngineFonts/RobotoTiny.uasset" 563
"D:/Unreal Projects/Catan/Saved/Config/Windows/InternationalizationExport.ini" 564
"../../../../../../Unreal Projects/Catan/Intermediate/Config/CoalescedSourceConfigs/InternationalizationExport.ini" 565
"D:/Unreal Projects/Catan/Saved/Config/Windows/TranslationPickerSettings.ini" 566
"../../../../../../Unreal Projects/Catan/Intermediate/Config/CoalescedSourceConfigs/TranslationPickerSettings.ini" 567
"../../../Engine/Content/EditorSounds/Notifications/CompileStart_Cue.uasset" 568
"../../../Engine/Content/EditorSounds/Notifications/CompileSuccess.uasset" 569
"../../../Engine/Content/EditorSounds/Notifications/CompileSuccess_Cue.uasset" 570
"../../../Engine/Content/EditorSounds/Notifications/CompileFailed_Cue.uasset" 571
"../../../Engine/Content/EditorSounds/Notifications/CompileFailed.uasset" 572
"../../../Engine/Content/BasicShapes/Cube.uasset" 573
"../../../Engine/Content/BasicShapes/Sphere.uasset" 574
"../../../Engine/Content/BasicShapes/Cylinder.uasset" 575
"../../../Engine/Content/BasicShapes/Cone.uasset" 576
"../../../../../../Unreal Projects/Catan/Intermediate/CachedAssetRegistry.bin" 577
"../../../../../../Unreal Projects/Catan/Content/Cylinder_002.uasset" 578
"../../../../../../Unreal Projects/Catan/Saved/Autosaves/Game/Cylinder_002_Auto4.uasset" 579
"../../../../../../Unreal Projects/Catan/Saved/Autosaves/Game/hextile_Auto4.uasset" 580
"../../../../../../Unreal Projects/Catan/Saved/Autosaves/Temp/Untitled_1_Auto1.umap" 581
"../../../../../../Unreal Projects/Catan/Saved/Autosaves/Temp/Untitled_1_Auto2.umap" 582
"../../../../../../Unreal Projects/Catan/Saved/Autosaves/Temp/Untitled_1_Auto3.umap" 583
"../../../../../../Unreal Projects/Catan/Saved/Autosaves/Temp/Untitled_1_Auto4.umap" 584
"../../../Engine/Config/HTML5/HTML5Engine.ini" 585
"../../../Engine/Content/MobileResources/HUD/VirtualJoystick_Thumb.uasset" 586
"../../../Engine/Content/Maps/Templates/Template_Default.umap" 587
"../../../Engine/Content/EngineSky/BP_Sky_Sphere.uasset" 588
"../../../Engine/Content/EditorBlueprintResources/StandardMacros.uasset" 589
"../../../Engine/Content/EngineSky/C_Sky_Cloud_Color.uasset" 590
"../../../Engine/Content/EngineSky/C_Sky_Horizon_Color.uasset" 591
"../../../Engine/Content/EngineSky/C_Sky_Zenith_Color.uasset" 592
"../../../Engine/Content/EngineSky/M_Sky_Panning_Clouds2.uasset" 593
"../../../Engine/Content/EngineSky/T_Sky_Blue.uasset" 594
"../../../Engine/Content/EngineSky/T_Sky_Clouds_M.uasset" 595
"../../../Engine/Content/EngineSky/T_Sky_Stars.uasset" 596
"../../../Engine/Content/EngineSky/SM_SkySphere.uasset" 597
"../../../Engine/Content/MapTemplates/SM_Template_Map_Floor.uasset" 598
"../../../Engine/Content/Maps/Entry.umap" 599
"../../../Engine/Content/EngineMaterials/DefaultNormal.uasset" 600
"../../../Engine/Content/EditorResources/BSPVertex.uasset" 601
"../../../Engine/Content/EngineDebugMaterials/GeomMaterial.uasset" 602
"../../../Engine/Content/EngineDebugMaterials/BoneWeightMaterial.uasset" 603
"../../../Engine/Content/EngineDebugMaterials/HeatmapGradient.uasset" 604
"../../../Engine/Content/EditorMaterials/PhAT_JointLimitMaterial.uasset" 605
"../../../Engine/Content/EditorMaterials/PreviewShadowIndicatorMaterial.uasset" 606
"../../../Engine/Content/EditorMaterials/PreviewShadowIndicator.uasset" 607
"../../../Engine/Content/EngineMaterials/EditorBrushMaterial.uasset" 608
"../../../Engine/Content/MobileResources/HUD/DefaultVirtualJoysticks.uasset" 609
"../../../Engine/Content/MobileResources/HUD/VirtualJoystick_Background.uasset" 610
"../../../Engine/Content/Tutorial/BlueprintTutorials/TutorialAssets/Blueprint_64x.uasset" 611
"../../../Engine/Content/Tutorial/SubEditors/TutorialAssets/icon_Editor_Preferences_General_40x.uasset" 612
"../../../Engine/Content/Tutorial/Paper2D/TutorialAssets/Paper2DSprite_TutorialIcon.uasset" 613
"../../../Engine/Content/Tutorial/SubEditors/TutorialAssets/icon_ShowSkeletalMeshes_40x.uasset" 614
"../../../Engine/Content/Tutorial/Landscape/TutorialAssets/Landscape.uasset" 615
"../../../Engine/Content/Tutorial/Foliage/TutorialAssets/Foliage.uasset" 616
"../../../Engine/Content/Tutorial/SubEditors/StaticMeshEditorTutorial.uasset" 617
"../../../Engine/Content/EngineMeshes/Cube.uasset" 618
"../../../Engine/Content/Tutorial/BlueprintTutorials/BlueprintEditorTutorial.uasset" 619
"../../../Engine/Content/Tutorial/BlueprintTutorials/BlueprintMacroLibrariesEditorOverview.uasset" 620
"../../../Engine/Content/Tutorial/BlueprintTutorials/TutorialAssets/BlueprintMacroLibrary_64x.uasset" 621
"../../../Engine/Content/Tutorial/BlueprintTutorials/TutorialAssets/Tutorial_BP_MacroLib.uasset" 622
"../../../Engine/Content/Tutorial/BlueprintTutorials/BlueprintInterfacesEditorOverview.uasset" 623
"../../../Engine/Content/Tutorial/BlueprintTutorials/TutorialAssets/BlueprintInterface_64x.uasset" 624
"../../../Engine/Content/Tutorial/BlueprintTutorials/TutorialAssets/Tutorial_BP_Interface.uasset" 625
"../../../Engine/Content/Tutorial/BlueprintTutorials/LevelBlueprintEditorOverview.uasset" 626
"../../../Engine/Content/Tutorial/SubEditors/DestructibleMeshEditorTutorial.uasset" 627
"../../../Engine/Content/Tutorial/SubEditors/TutorialAssets/Tutorial_DM.uasset" 628
"../../../Engine/Content/EditorMeshes/EditorCube.uasset" 629
"../../../Engine/Content/Tutorial/SubEditors/MaterialEditorTutorial.uasset" 630
"../../../Engine/Content/Tutorial/SubEditors/TutorialAssets/TutorialMaterial.uasset" 631
"../../../Engine/Content/Tutorial/SubEditors/ParticleSystemEditorTutorial.uasset" 632
"../../../Engine/Content/Tutorial/SubEditors/TutorialAssets/TutorialParticleSystem.uasset" 633
"../../../Engine/Content/Tutorial/SubEditors/TutorialAssets/M_smoke_subUV_blackbody.uasset" 634
"../../../Engine/Content/Tutorial/SubEditors/TutorialAssets/T_SmokeSubUV_8X8.uasset" 635
"../../../Engine/Content/Tutorial/SubEditors/TutorialAssets/T_soft_smoke.uasset" 636
"../../../Engine/Content/Tutorial/SubEditors/PersonaAnimEditorWalkThrough.uasset" 637
"../../../Engine/Content/Tutorial/SubEditors/TutorialAssets/Character/NewBlendSpace1D.uasset" 638
"../../../Engine/Content/Tutorial/SubEditors/TutorialAssets/Character/Tutorial_Idle.uasset" 639
"../../../Engine/Content/Tutorial/SubEditors/TutorialAssets/Character/TutorialTPP_Skeleton.uasset" 640
"../../../Engine/Content/Tutorial/SubEditors/TutorialAssets/Character/Tutorial_Walk_Fwd.uasset" 641
"../../../Engine/Content/Tutorial/SubEditors/TutorialAssets/Character/TutorialTPP.uasset" 642
"../../../Engine/Content/Tutorial/SubEditors/TutorialAssets/Character/TutorialTPP_Mat.uasset" 643
"../../../Engine/Content/Tutorial/SubEditors/TutorialAssets/Character/TutorialTPP_PhysicsAsset.uasset" 644
"../../../Engine/Content/Tutorial/SubEditors/PersonaAnimBlueprintEditorWalkthrough.uasset" 645
"../../../Engine/Content/Tutorial/SubEditors/TutorialAssets/Character/TutorialTPP_AnimBlueprint.uasset" 646
"../../../Engine/Content/Tutorial/SubEditors/TutorialAssets/Character/TutorialCharacter.uasset" 647
"../../../Engine/Content/Tutorial/Paper2D/SpriteEditorTutorial.uasset" 648
"../../../Engine/Content/Tutorial/Paper2D/FlipbookEditorTutorial.uasset" 649
"../../../Engine/Content/Tutorial/Paper2D/TutorialAssets/Paper2DFlipbook_TutorialIcon.uasset" 650
"../../../Engine/Content/Tutorial/Landscape/Landscape_Manage_Mode.uasset" 651
"../../../Engine/Content/Tutorial/Landscape/Landscape_Sculpt_Mode.uasset" 652
"../../../Engine/Content/Tutorial/Landscape/Landscape_Painting_Mode.uasset" 653
"../../../Engine/Content/Tutorial/Landscape/LandscapeWalkThrough.uasset" 654
"../../../Engine/Content/Tutorial/Foliage/Foliage_Intro_Tutorial.uasset" 655
"../../../Engine/Content/Tutorial/Foliage/Foliage_Using_The_Tool_Tutorial.uasset" 656
"../../../Engine/Content/Tutorial/Foliage/Foliage_Settings_Tutorial.uasset" 657
"C:/Users/c0uch/AppData/Local/UnrealEngine/Common/DerivedDataCache/2/3/9/TEXTURE_814DCC3DC72143F49509781513CB9855_AUTODXT_B07BB94C4024838454154883B7876__59CB28ED8FB21C25306FDB3AEC6027252B011A56.udd" 658
"C:/Users/c0uch/AppData/Local/UnrealEngine/Common/DerivedDataCache/3/1/8/TEXTURE_814DCC3DC72143F49509781513CB9855_BGRA8_5216118D4EACC7D4064ADCBA89F7720__4776B6E2E6502A15BA73B7522CDBB3F8E50002AD.udd" 659
"C:/Users/c0uch/AppData/Local/UnrealEngine/Common/DerivedDataCache/5/9/3/TEXTURE_814DCC3DC72143F49509781513CB9855_AUTODXT_09053A42486F57C671A2B9B0F6272__7081BA232D94CF58FB5C793F5EA542CA762D0E8E.udd" 660
"C:/Users/c0uch/AppData/Local/UnrealEngine/Common/DerivedDataCache/2/8/1/TEXTURE_814DCC3DC72143F49509781513CB9855_BGRA8_5216118D4EACC7D4064ADCBA89F7720__66F5A912C12ECCBFC7828C141D8C68C1A07C0A15.udd" 661
"C:/Users/c0uch/AppData/Local/UnrealEngine/Common/DerivedDataCache/0/8/6/TEXTURE_814DCC3DC72143F49509781513CB9855_AUTODXT_C45F0F7D439FAD52041B1EBC5A8A1__9908241BD20DF14A6AE05F8E6CA9BBBE24B07AB6.udd" 662
"C:/Users/c0uch/AppData/Local/UnrealEngine/Common/DerivedDataCache/6/4/4/TEXTURE_814DCC3DC72143F49509781513CB9855_BC5_565E0359430950FA252A118AF8521636___AFD2E7B6C000DBB57C3C2251719C132A8B58702E.udd" 663
"C:/Users/c0uch/AppData/Local/UnrealEngine/Common/DerivedDataCache/6/5/4/TEXTURE_814DCC3DC72143F49509781513CB9855_AUTODXT_FDD461EC4EDF5F99C659709B7A42E__FBBDD204E59CC3E3C9749161169905E65779DA9A.udd" 664
"C:/Users/c0uch/AppData/Local/UnrealEngine/Common/DerivedDataCache/6/6/3/TEXTURE_814DCC3DC72143F49509781513CB9855_AUTODXT_FDD461EC4EDF5F99C659709B7A42E__5D8E67CBA0F04E790BD64833DFE9997DDB1D33F0.udd" 665
"C:/Users/c0uch/AppData/Local/UnrealEngine/Common/DerivedDataCache/0/7/5/TEXTURE_814DCC3DC72143F49509781513CB9855_AUTODXT_FDD461EC4EDF5F99C659709B7A42E__A862D430A5BD3851806098886F46A0DB4C02712D.udd" 666
"C:/Users/c0uch/AppData/Local/UnrealEngine/Common/DerivedDataCache/6/3/0/TEXTURE_814DCC3DC72143F49509781513CB9855_BC5_565E0359430950FA252A118AF8521636___018F4075D3397499A38D84DACDCE819C495D7211.udd" 667
"C:/Users/c0uch/AppData/Local/UnrealEngine/Common/DerivedDataCache/6/6/2/TEXTURE_814DCC3DC72143F49509781513CB9855_BC5_565E0359430950FA252A118AF8521636___1978717988CE205C32B2214CC1D518693DF7C4D6.udd" 668
"C:/Users/c0uch/AppData/Local/UnrealEngine/Common/DerivedDataCache/4/1/5/TEXTURE_814DCC3DC72143F49509781513CB9855_AUTODXT_B21C1AFF42ACD5ADC8C382B3A090A__DD3D508F2B287118D83B2811676DC879755E7F88.udd" 669
"C:/Users/c0uch/AppData/Local/UnrealEngine/Common/DerivedDataCache/3/3/4/TEXTURE_814DCC3DC72143F49509781513CB9855_AUTODXT_B21C1AFF42ACD5ADC8C382B3A090A__F781C0B0C2693BF17FB27AC24C523D4AD3350E86.udd" 670
"C:/Users/c0uch/AppData/Local/UnrealEngine/Common/DerivedDataCache/6/2/3/TEXTURE_814DCC3DC72143F49509781513CB9855_AUTODXT_B21C1AFF42ACD5ADC8C382B3A090A__EC69846C8DD084F28BBD11A348C2B577D88F8262.udd" 671
"C:/Users/c0uch/AppData/Local/UnrealEngine/Common/DerivedDataCache/8/7/3/TEXTURE_814DCC3DC72143F49509781513CB9855_DXT1_15564967414184874DBCB89C44D5959C__BA34306FE8A99B5C640F036EF7E052585535A66C.udd" 672
"C:/Users/c0uch/AppData/Local/UnrealEngine/Common/DerivedDataCache/3/6/9/TEXTURE_814DCC3DC72143F49509781513CB9855_AUTODXT_B21C1AFF42ACD5ADC8C382B3A090A__1AC1C47CE01BB3791E07B3F37B4DEBBD29C103E3.udd" 673
"C:/Users/c0uch/AppData/Local/UnrealEngine/Common/DerivedDataCache/5/7/4/TEXTURE_814DCC3DC72143F49509781513CB9855_AUTODXT_B21C1AFF42ACD5ADC8C382B3A090A__1423AB5FD021F7D2A063652CBFD2D5D24334CF57.udd" 674
"C:/Users/c0uch/AppData/Local/UnrealEngine/Common/DerivedDataCache/6/0/3/TEXTURE_814DCC3DC72143F49509781513CB9855_DXT1_15564967414184874DBCB89C44D5959C__02B54665C520D91F5F701748C4780F8A6005FD33.udd" 675
"C:/Users/c0uch/AppData/Local/UnrealEngine/Common/DerivedDataCache/8/0/9/TEXTURE_814DCC3DC72143F49509781513CB9855_BGRA8_056A03A5436F9F05D7AA329082E3874__52EE13A1FAED255C5BAD5F0F0CD6CB5732F1FD7D.udd" 676
"C:/Users/c0uch/AppData/Local/UnrealEngine/Common/DerivedDataCache/1/9/6/TEXTURE_814DCC3DC72143F49509781513CB9855_BGRA8_B19E8D43472CA8B277E8CCA8993996A__878CA4B0813C95120A256C74CF1AC98FA54BEF64.udd" 677
"C:/Users/c0uch/AppData/Local/UnrealEngine/Common/DerivedDataCache/4/6/4/TEXTURE_814DCC3DC72143F49509781513CB9855_AUTODXT_55809E694EE7DB292235CC917A5C5__581C558B12F92DA8D70F4F628DF65CDCF5AECBC8.udd" 678
"C:/Users/c0uch/AppData/Local/UnrealEngine/Common/DerivedDataCache/2/5/8/TEXTURE_814DCC3DC72143F49509781513CB9855_AUTODXT_7BC0404946D77A8C093A10AE0677E__AFBD176B0024CACEDD89C5FD04DBA1FA2128794D.udd" 679
"..\..\..\Engine\Content\Internationalization\icudt53l\zoneinfo64.res" 680
"C:/Users/c0uch/AppData/Local/UnrealEngine/Common/DerivedDataCache/0/8/3/TEXTURE_814DCC3DC72143F49509781513CB9855_AUTODXT_7BC0404946D77A8C093A10AE0677E__A1D8A03E2549AA9BBB14D25D58C22DB5DF625B64.udd" 681
"C:/Users/c0uch/AppData/Local/UnrealEngine/Common/DerivedDataCache/7/0/5/TEXTURE_814DCC3DC72143F49509781513CB9855_AUTODXT_55809E694EE7DB292235CC917A5C5__0DEE01AFDCD63EDCE050864E9B2048808D3D7B82.udd" 682
"C:/Users/c0uch/AppData/Local/UnrealEngine/Common/DerivedDataCache/1/8/3/TEXTURE_814DCC3DC72143F49509781513CB9855_AUTODXT_55809E694EE7DB292235CC917A5C5__60C01A3D2DE5A93AFF7EF8C568AEB262FC04DA19.udd" 683
"C:/Users/c0uch/AppData/Local/UnrealEngine/Common/DerivedDataCache/7/8/4/TEXTURE_814DCC3DC72143F49509781513CB9855_AUTODXT_FDD461EC4EDF5F99C659709B7A42E__D3B9066E064FF8485C582FA787D958A7AE111964.udd" 684
"C:/Users/c0uch/AppData/Local/UnrealEngine/Common/DerivedDataCache/0/1/3/TEXTURE_814DCC3DC72143F49509781513CB9855_G8_C13BD2BB45C48968C13E6F8322E0CF1A_0__A856BDB1C74F641C3E5A497386077ABA922667E4.udd" 685
"C:/Users/c0uch/AppData/Local/UnrealEngine/Common/DerivedDataCache/5/1/3/TEXTURE_814DCC3DC72143F49509781513CB9855_BGRA8_C6F046E346DE53E9987E70930FC6D31__2BC58C7103301983DEFA01C3C389866FD917AABF.udd" 686
"C:/Users/c0uch/AppData/Local/UnrealEngine/Common/DerivedDataCache/6/1/2/TEXTURE_814DCC3DC72143F49509781513CB9855_AUTODXT_1EC0B18B47E75959952584B5D8D9E__61476F8F01150CA0879C3ACC7FFBE61559C32272.udd" 687
"C:/Users/c0uch/AppData/Local/UnrealEngine/Common/DerivedDataCache/5/9/6/TEXTURE_814DCC3DC72143F49509781513CB9855_BGRA8_D0FECEC94BB5E3DA0C23C4AB41A933F__8F9DB62806B4C14D8538F690E769D615317FCDE6.udd" 688
"C:/Users/c0uch/AppData/Local/UnrealEngine/Common/DerivedDataCache/8/6/4/TEXTURE_814DCC3DC72143F49509781513CB9855_AUTODXT_33CBEF834D7D60ED9D58E5940B7B2__09AEB2AC23FA45423CA92F569A7187888552681E.udd" 689
"C:/Users/c0uch/AppData/Local/UnrealEngine/Common/DerivedDataCache/3/8/0/TEXTURE_814DCC3DC72143F49509781513CB9855_AUTODXT_E38B68B34F759D23C6E5CD925E4D1__24693E2BCBEB7164B3FBD7F012A1856992CF6BAC.udd" 690
"C:/Users/c0uch/AppData/Local/UnrealEngine/Common/DerivedDataCache/7/6/3/TEXTURE_814DCC3DC72143F49509781513CB9855_AUTODXT_CBF5B13548AB62E6A9ADA387D1FEB__4A9FB5D124DCA445BD27564DB3B0A06172F0D4A8.udd" 691
"C:/Users/c0uch/AppData/Local/UnrealEngine/Common/DerivedDataCache/3/9/8/TEXTURE_814DCC3DC72143F49509781513CB9855_AUTODXT_3CAC1F094FB87A98E53D7D8A24643__0ADB52FC1C87E64467B7229C368AA2DCF86DFE5B.udd" 692
"C:/Users/c0uch/AppData/Local/UnrealEngine/Common/DerivedDataCache/7/4/7/TEXTURE_814DCC3DC72143F49509781513CB9855_AUTODXT_E55F8197440DD2855E7F4D9816C88__4B98C29CAB8DC3858D2FD1924BF032569B0064F4.udd" 693
"C:/Users/c0uch/AppData/Local/UnrealEngine/Common/DerivedDataCache/6/1/4/TEXTURE_814DCC3DC72143F49509781513CB9855_AUTODXT_A6C0C4B74D09BE1A7E2C31B7CA775__8240F4F76015DBCE4BBDAE52B1233C28F14FBA6D.udd" 694
"C:/Users/c0uch/AppData/Local/UnrealEngine/Common/DerivedDataCache/7/3/3/TEXTURE_814DCC3DC72143F49509781513CB9855_AUTODXT_7D98C11E41884B4A67A497A07B028__D056AE9858611F8551086C386BCEE9909E137C18.udd" 695
"C:/Users/c0uch/AppData/Local/UnrealEngine/Common/DerivedDataCache/4/1/1/TEXTURE_814DCC3DC72143F49509781513CB9855_AUTODXT_74A80EB64112E46096AE17A812C2E__E433C23A316779D3C7021F55A16B60C3D3A3BD33.udd" 696
"C:/Users/c0uch/AppData/Local/UnrealEngine/Common/DerivedDataCache/5/8/2/TEXTURE_814DCC3DC72143F49509781513CB9855_AUTODXT_264ABDF14257816FFA9477A6F6A19__303B98F4E304FB93C820CBC3D56044C65F0B73B1.udd" 697
"C:/Users/c0uch/AppData/Local/UnrealEngine/Common/DerivedDataCache/2/7/5/TEXTURE_814DCC3DC72143F49509781513CB9855_AUTODXT_025102BB43BBEAC3F075788919382__7E08700D2950C4E78762A07B2EC79F112D9FC152.udd" 698
"C:/Users/c0uch/AppData/Local/UnrealEngine/Common/DerivedDataCache/1/0/7/TEXTURE_814DCC3DC72143F49509781513CB9855_BGRA8_D0FECEC94BB5E3DA0C23C4AB41A933F__0192091683E28B4FA9F5BFB80F26E676346450A0.udd" 699
"C:/Users/c0uch/AppData/Local/UnrealEngine/Common/DerivedDataCache/2/3/3/TEXTURE_814DCC3DC72143F49509781513CB9855_AUTODXT_C55865344733442FBAD7D29E0B657__FFD7EA1B74583C7B5E036A22683727F92263078B.udd" 700
"C:/Users/c0uch/AppData/Local/UnrealEngine/Common/DerivedDataCache/3/5/9/TEXTURE_814DCC3DC72143F49509781513CB9855_BGRA8_D0FECEC94BB5E3DA0C23C4AB41A933F__0FAFFDBB32ED72F358A7388C9AB6FE8088A36D2F.udd" 701
"C:/Users/c0uch/AppData/Local/UnrealEngine/Common/DerivedDataCache/8/5/4/TEXTURE_814DCC3DC72143F49509781513CB9855_DXT1_C349D2FA2A30FC1134357D3272F2DC90__9CAE132C99390C163EA7822A81369E3926FE8834.udd" 702
"C:/Users/c0uch/AppData/Local/UnrealEngine/Common/DerivedDataCache/2/8/5/TEXTURE_814DCC3DC72143F49509781513CB9855_AUTODXT_6A6029554EC6CEDCFFC9E0836D465__15055B7217D64E5B0C68FF0F1248D0C8B2998C2C.udd" 703
"C:/Users/c0uch/AppData/Local/UnrealEngine/Common/DerivedDataCache/7/5/8/TEXTURE_814DCC3DC72143F49509781513CB9855_AUTODXT_3D7D3365419CADDBF5E531B12CF16__2D210BC742A9A071850B8696B3B5F3BFB91FB2AC.udd" 704
"C:/Users/c0uch/AppData/Local/UnrealEngine/Common/DerivedDataCache/5/9/9/TEXTURE_814DCC3DC72143F49509781513CB9855_AUTODXT_FCC2E3624ECEAC189015CEAD2B2D9__1940100ED7FE7DC3EED6E16F9F134F6E81409306.udd" 705
"C:/Users/c0uch/AppData/Local/UnrealEngine/Common/DerivedDataCache/9/1/2/TEXTURE_814DCC3DC72143F49509781513CB9855_AUTODXT_FCC2E3624ECEAC189015CEAD2B2D9__1A050F21870E8B7FB2544A1F129FE5557DA8D861.udd" 706
"C:/Users/c0uch/AppData/Local/UnrealEngine/Common/DerivedDataCache/8/9/7/TEXTURE_814DCC3DC72143F49509781513CB9855_AUTODXT_FCC2E3624ECEAC189015CEAD2B2D9__B9BDCC7378EB45072EBCB55FFFB0C4A48308D7E5.udd" 707
"C:/Users/c0uch/AppData/Local/UnrealEngine/Common/DerivedDataCache/2/2/2/TEXTURE_814DCC3DC72143F49509781513CB9855_AUTODXT_FCC2E3624ECEAC189015CEAD2B2D9__766BBFDFA27238FECA08A5CC5742B7CF74DCCCC9.udd" 708
"C:/Users/c0uch/AppData/Local/UnrealEngine/Common/DerivedDataCache/3/2/1/TEXTURE_814DCC3DC72143F49509781513CB9855_G8_001F44A84F16871A324A52A5F4204698_0__65DAE9540D527BA6F6CF3B820941BAF10C7A00D9.udd" 709
"C:/Users/c0uch/AppData/Local/UnrealEngine/Common/DerivedDataCache/8/3/1/TEXTURE_814DCC3DC72143F49509781513CB9855_AUTODXT_C39FA6E1430A3372261C0A90A569A__EFCB5491809581847D2C496FF3482BCB39BA6C7A.udd" 710
"C:/Users/c0uch/AppData/Local/UnrealEngine/Common/DerivedDataCache/6/7/6/TEXTURE_814DCC3DC72143F49509781513CB9855_AUTODXT_C39FA6E1430A3372261C0A90A569A__6D715C861504BCA257A408C83FD53A9315032A77.udd" 711
"C:/Users/c0uch/AppData/Local/UnrealEngine/Common/DerivedDataCache/0/6/0/TEXTURE_814DCC3DC72143F49509781513CB9855_AUTODXT_C39FA6E1430A3372261C0A90A569A__F6BB0973D8DBFFF61AC847513D5420B02DEBFB2C.udd" 712
"C:/Users/c0uch/AppData/Local/UnrealEngine/Common/DerivedDataCache/6/2/6/TEXTURE_814DCC3DC72143F49509781513CB9855_BGRA8_2140CA5B4637C285519D6D91BA9973B__42CF69DB21C149F8C8271914F4141A7EA80E9870.udd" 713
"C:/Users/c0uch/AppData/Local/UnrealEngine/Common/DerivedDataCache/6/6/1/TEXTURE_814DCC3DC72143F49509781513CB9855_AUTODXT_C39FA6E1430A3372261C0A90A569A__DBBCB0922033BC8A107E20CDFF09806D291708AE.udd" 714
"C:/Users/c0uch/AppData/Local/UnrealEngine/Common/DerivedDataCache/0/6/3/TEXTURE_814DCC3DC72143F49509781513CB9855_AUTODXT_584A79B6465982423406428F0D776__7E8A800BE546D16101C11CDEE1840BBEF21B464F.udd" 715
"C:/Users/c0uch/AppData/Local/UnrealEngine/Common/DerivedDataCache/7/7/4/TEXTURE_814DCC3DC72143F49509781513CB9855_AUTODXT_584A79B6465982423406428F0D776__61F5CC0CCE5D9CD95B83AA1CB53B0B5FE41AC847.udd" 716
"C:/Users/c0uch/AppData/Local/UnrealEngine/Common/DerivedDataCache/1/3/1/TEXTURE_814DCC3DC72143F49509781513CB9855_AUTODXT_C39FA6E1430A3372261C0A90A569A__D0FFE40F336450DC835BD3BEBA2A4599CC6611B8.udd" 717
"C:/Users/c0uch/AppData/Local/UnrealEngine/Common/DerivedDataCache/8/6/1/TEXTURE_814DCC3DC72143F49509781513CB9855_AUTODXT_5075C5404C9665C57F66B49F2C5D8__7BA33EC7187D56264DE83DF9D074BF06C46EB7D8.udd" 718
"C:/Users/c0uch/AppData/Local/UnrealEngine/Common/DerivedDataCache/9/6/6/TEXTURE_814DCC3DC72143F49509781513CB9855_BGRA8_9B0249994A9B1B14D96CD7BB7A90FB3__2A18DC3AB953CB11B5A51E842996745AAD44A376.udd" 719
"C:/Users/c0uch/AppData/Local/UnrealEngine/Common/DerivedDataCache/2/2/6/TEXTURE_814DCC3DC72143F49509781513CB9855_G8_1C2B54F74EBDC3C23B1A0B85D55D159C_0__2E2A404ABA0B1D38FA0F8DFA476C0ECE606A40A4.udd" 720
"C:/Users/c0uch/AppData/Local/UnrealEngine/Common/DerivedDataCache/2/9/2/TEXTURE_814DCC3DC72143F49509781513CB9855_BGRA8_A28EC0C4486158C85466808599E49A4__1FF86D5F10DF5DA41E6C385F79D34A8F73D47BF5.udd" 721
"C:/Users/c0uch/AppData/Local/UnrealEngine/Common/DerivedDataCache/4/2/1/TEXTURE_814DCC3DC72143F49509781513CB9855_AUTODXT_B1F6A23D46761DA1743FBE984F9E8__A7029B9659C79ED952199638E34300F568BEC77C.udd" 722
"C:/Users/c0uch/AppData/Local/UnrealEngine/Common/DerivedDataCache/3/1/0/TEXTURE_814DCC3DC72143F49509781513CB9855_AUTODXT_5075C5404C9665C57F66B49F2C5D8__23B11D0C14DC5B9C0C0D81B28ED055E07DD24DBD.udd" 723
"C:/Users/c0uch/AppData/Local/UnrealEngine/Common/DerivedDataCache/9/9/2/TEXTURE_814DCC3DC72143F49509781513CB9855_AUTODXT_5075C5404C9665C57F66B49F2C5D8__87E57DDE6EEE045F0A3F4444DC7E5DDBEB9DA85E.udd" 724
"C:/Users/c0uch/AppData/Local/UnrealEngine/Common/DerivedDataCache/3/7/2/TEXTURE_814DCC3DC72143F49509781513CB9855_AUTODXT_95D01D314436990422EF30A4E4FA2__A0EA230C82B6516917DBF6AD6916F36C2FF78A30.udd" 725
"C:/Users/c0uch/AppData/Local/UnrealEngine/Common/DerivedDataCache/6/8/5/TEXTURE_814DCC3DC72143F49509781513CB9855_AUTODXT_5075C5404C9665C57F66B49F2C5D8__8A675B9A7E86ED55344E993623F4FE067048B76B.udd" 726
"C:/Users/c0uch/AppData/Local/UnrealEngine/Common/DerivedDataCache/4/8/1/TEXTURE_814DCC3DC72143F49509781513CB9855_AUTODXT_95D01D314436990422EF30A4E4FA2__E2300CE8A9419ECFFDE837D77935F89934CEF43F.udd" 727
"C:/Users/c0uch/AppData/Local/UnrealEngine/Common/DerivedDataCache/4/7/9/TEXTURE_814DCC3DC72143F49509781513CB9855_BGRA8_52C2D2044F80407BBABA8CB2BA04F4F__FDB37FDECA0F67A24577A4436B3C2D9D715FD7D7.udd" 728
"C:/Users/c0uch/AppData/Local/UnrealEngine/Common/DerivedDataCache/0/5/5/TEXTURE_814DCC3DC72143F49509781513CB9855_AUTODXT_632746044828C065FE5B9F9D61821__D0C16C7F179B7C289234A64FE512487BF5EF5B36.udd" 729
"C:/Users/c0uch/AppData/Local/UnrealEngine/Common/DerivedDataCache/1/8/3/TEXTURE_814DCC3DC72143F49509781513CB9855_AUTODXT_632746044828C065FE5B9F9D61821__95D4E3A9E401CE39701D8099D2C040E179859EE1.udd" 730
"C:/Users/c0uch/AppData/Local/UnrealEngine/Common/DerivedDataCache/6/1/1/TEXTURE_814DCC3DC72143F49509781513CB9855_AUTODXT_632746044828C065FE5B9F9D61821__DECFC633C17A868D3220544EF07579368532CDE1.udd" 731
"C:/Users/c0uch/AppData/Local/UnrealEngine/Common/DerivedDataCache/3/4/7/TEXTURE_814DCC3DC72143F49509781513CB9855_AUTODXT_448D83D64D92F14E184FE88142360__96C307B0AE07838F12FB69110D8819F1DE4DDA98.udd" 732
"C:/Users/c0uch/AppData/Local/UnrealEngine/Common/DerivedDataCache/0/8/5/TEXTURE_814DCC3DC72143F49509781513CB9855_AUTODXT_52640BB9425F976C53CF3FA787E7A__A00DDDDDBF6B391C42CE5DF0F1CB9F5FE88EFD80.udd" 733
"C:/Users/c0uch/AppData/Local/UnrealEngine/Common/DerivedDataCache/5/4/7/TEXTURE_814DCC3DC72143F49509781513CB9855_BGRA8_017E72834BC6A481B9D2E7B57B15158__033B40A7CD6EDB2A8C5BEC6C104D9FF39FAE99B1.udd" 734
"C:/Users/c0uch/AppData/Local/UnrealEngine/Common/DerivedDataCache/8/7/4/TEXTURE_814DCC3DC72143F49509781513CB9855_AUTODXT_52640BB9425F976C53CF3FA787E7A__FA0745CFAD35B41F70CEACF87C824D99F6653BC8.udd" 735
"C:/Users/c0uch/AppData/Local/UnrealEngine/Common/DerivedDataCache/6/4/5/TEXTURE_814DCC3DC72143F49509781513CB9855_AUTODXT_52640BB9425F976C53CF3FA787E7A__8F9207BE8FFC8694E1E8C08320ADF4FD519E5F36.udd" 736
"C:/Users/c0uch/AppData/Local/UnrealEngine/Common/DerivedDataCache/8/4/0/TEXTURE_814DCC3DC72143F49509781513CB9855_BGRA8_017E72834BC6A481B9D2E7B57B15158__659A98AE69E93C35984CE59DFC41B9ADDA0893E2.udd" 737
"C:/Users/c0uch/AppData/Local/UnrealEngine/Common/DerivedDataCache/5/5/4/TEXTURE_814DCC3DC72143F49509781513CB9855_AUTODXT_448D83D64D92F14E184FE88142360__6C42748001665E34E035A67D1A97970665B2A2DF.udd" 738
"C:/Users/c0uch/AppData/Local/UnrealEngine/Common/DerivedDataCache/8/8/1/TEXTURE_814DCC3DC72143F49509781513CB9855_AUTODXT_448D83D64D92F14E184FE88142360__77CABBFAE8EC0B2957FAC9B994429DCD32275870.udd" 739
"C:/Users/c0uch/AppData/Local/UnrealEngine/Common/DerivedDataCache/6/4/5/TEXTURE_814DCC3DC72143F49509781513CB9855_AUTODXT_52640BB9425F976C53CF3FA787E7A__7051E7E88CD36D27158642FBAF42CDC035D428A7.udd" 740
"C:/Users/c0uch/AppData/Local/UnrealEngine/Common/DerivedDataCache/7/1/1/TEXTURE_814DCC3DC72143F49509781513CB9855_BC5_122003924E39A572EF68B5BAC8A94B51___9FBDDF4EB276B8BA831B407333B50058434512F0.udd" 741
"C:/Users/c0uch/AppData/Local/UnrealEngine/Common/DerivedDataCache/8/9/1/TEXTURE_814DCC3DC72143F49509781513CB9855_AUTODXT_448D83D64D92F14E184FE88142360__8C11E31833198E6582F84D52D5F1ACE70473B75A.udd" 742
"C:/Users/c0uch/AppData/Local/UnrealEngine/Common/DerivedDataCache/3/7/6/TEXTURE_814DCC3DC72143F49509781513CB9855_AUTODXT_6A00F1654C244F95E8B15E9A15BE5__9F6FE039175A88CA1E577272AF00572DA13D0688.udd" 743
"C:/Users/c0uch/AppData/Local/UnrealEngine/Common/DerivedDataCache/8/3/1/TEXTURE_814DCC3DC72143F49509781513CB9855_AUTODXT_448D83D64D92F14E184FE88142360__66D7D14BA454FBF72711D62BA47235B802137FEB.udd" 744
"C:/Users/c0uch/AppData/Local/UnrealEngine/Common/DerivedDataCache/2/8/4/TEXTURE_814DCC3DC72143F49509781513CB9855_AUTODXT_448D83D64D92F14E184FE88142360__97F0985DFE2D299F60A1729988F9B14FC86C29DD.udd" 745
"C:/Users/c0uch/AppData/Local/UnrealEngine/Common/DerivedDataCache/4/3/9/TEXTURE_814DCC3DC72143F49509781513CB9855_BGRA8_017E72834BC6A481B9D2E7B57B15158__FDD785012476B36FBFB9EFEFD11F39A3CBC35FE3.udd" 746
"C:/Users/c0uch/AppData/Local/UnrealEngine/Common/DerivedDataCache/0/3/8/TEXTURE_814DCC3DC72143F49509781513CB9855_BC5_122003924E39A572EF68B5BAC8A94B51___037856683106E4241EAD8BEE93431A83B08125FA.udd" 747
"C:/Users/c0uch/AppData/Local/UnrealEngine/Common/DerivedDataCache/4/9/5/TEXTURE_814DCC3DC72143F49509781513CB9855_BGRA8_017E72834BC6A481B9D2E7B57B15158__6D829488C3EF91BC7A1CBE9F2A8EEB47433609D9.udd" 748
"C:/Users/c0uch/AppData/Local/UnrealEngine/Common/DerivedDataCache/0/0/6/TEXTURE_814DCC3DC72143F49509781513CB9855_BGRA8_017E72834BC6A481B9D2E7B57B15158__9B510A5E2DE9B6D05B20B875A1ABB01D63B60746.udd" 749
"C:/Users/c0uch/AppData/Local/UnrealEngine/Common/DerivedDataCache/4/4/8/TEXTURE_814DCC3DC72143F49509781513CB9855_BGRA8_017E72834BC6A481B9D2E7B57B15158__7BCB945C6A82D205AE96C8F204E5B72B3255112D.udd" 750
"C:/Users/c0uch/AppData/Local/UnrealEngine/Common/DerivedDataCache/0/0/0/TEXTURE_814DCC3DC72143F49509781513CB9855_BC5_122003924E39A572EF68B5BAC8A94B51___38C5FF9F221EECA031284DB671BE97419303D3FF.udd" 751
"C:/Users/c0uch/AppData/Local/UnrealEngine/Common/DerivedDataCache/8/3/2/TEXTURE_814DCC3DC72143F49509781513CB9855_BC5_122003924E39A572EF68B5BAC8A94B51___583274C5548641E4D316B5211CA80ED9EBB46352.udd" 752
"C:/Users/c0uch/AppData/Local/UnrealEngine/Common/DerivedDataCache/2/6/2/TEXTURE_814DCC3DC72143F49509781513CB9855_BGRA8_300F91D746B84377794E1FA74622CC3__2073FDC26C5DBF30C2FB036D844C862F26A2F643.udd" 753
"C:/Users/c0uch/AppData/Local/UnrealEngine/Common/DerivedDataCache/5/9/2/TEXTURE_814DCC3DC72143F49509781513CB9855_BGRA8_300F91D746B84377794E1FA74622CC3__9F605741DC6FBB382FA6D1D4D44DE97500E66E80.udd" 754
"C:/Users/c0uch/AppData/Local/UnrealEngine/Common/DerivedDataCache/1/3/3/TEXTURE_814DCC3DC72143F49509781513CB9855_BGRA8_300F91D746B84377794E1FA74622CC3__215679D37B32B731D166A2C5BC282D079163F18C.udd" 755
"C:/Users/c0uch/AppData/Local/UnrealEngine/Common/DerivedDataCache/2/9/9/TEXTURE_814DCC3DC72143F49509781513CB9855_BGRA8_300F91D746B84377794E1FA74622CC3__D37F66297C91D3F89DE52480ABFD1F6D2C9E8415.udd" 756
"C:/Users/c0uch/AppData/Local/UnrealEngine/Common/DerivedDataCache/5/0/2/TEXTURE_814DCC3DC72143F49509781513CB9855_BGRA8_EFCCE016429008D9D6575CB3A2DF598__39BAC2122003850C17C596FDCC86C3D212DE5A4A.udd" 757
"C:/Users/c0uch/AppData/Local/UnrealEngine/Common/DerivedDataCache/0/3/8/TEXTURE_814DCC3DC72143F49509781513CB9855_BGRA8_72107D3F4110EAEF3BE5D5841EFE141__EBFABFC50FA425319A0ADC765708F5FF2CC0430C.udd" 758
"C:/Users/c0uch/AppData/Local/UnrealEngine/Common/DerivedDataCache/5/8/4/TEXTURE_814DCC3DC72143F49509781513CB9855_BGRA8_4963A1D64E358284C2A151B90C2ACE2__0877A119ECF8D290E51A42A8C457FAB4635C4CE5.udd" 759
"C:/Users/c0uch/AppData/Local/UnrealEngine/Common/DerivedDataCache/7/4/9/TEXTURE_814DCC3DC72143F49509781513CB9855_BGRA8_8F68DA7846EE5B1FF2DDDC9433F817A__9FDFF1F38E2A447698C25ADA8828C9B7E78C264B.udd" 760
"C:/Users/c0uch/AppData/Local/UnrealEngine/Common/DerivedDataCache/7/6/3/TEXTURE_814DCC3DC72143F49509781513CB9855_BGRA8_D07216FC40952418CFE0E28778D79B2__89B7DC46CA82953BBE8057421208BB96E5C619A9.udd" 761
"C:/Users/c0uch/AppData/Local/UnrealEngine/Common/DerivedDataCache/3/8/9/TEXTURE_814DCC3DC72143F49509781513CB9855_BGRA8_EFCCE016429008D9D6575CB3A2DF598__16171D0A279E1163332B683EBEBC3BC1F3E98016.udd" 762
"C:/Users/c0uch/AppData/Local/UnrealEngine/Common/DerivedDataCache/0/5/7/TEXTURE_814DCC3DC72143F49509781513CB9855_BGRA8_0334AFB24D2E5AA9081F9BAFF9F95EE__ED95787AC12E31E95E769FBE5E7BFB4D77C53CB8.udd" 763
"C:/Users/c0uch/AppData/Local/UnrealEngine/Common/DerivedDataCache/5/9/6/TEXTURE_814DCC3DC72143F49509781513CB9855_BGRA8_EFCCE016429008D9D6575CB3A2DF598__77E8DEFEC5BF83A9B1B48AF3C7ACE93859F616D2.udd" 764
"C:/Users/c0uch/AppData/Local/UnrealEngine/Common/DerivedDataCache/9/3/5/TEXTURE_814DCC3DC72143F49509781513CB9855_BGRA8_8A9D9D2A48FA9339997AE79343CFD87__6E53AEB85A1CEED333B46798B5D732E0DB5F7973.udd" 765
"C:/Users/c0uch/AppData/Local/UnrealEngine/Common/DerivedDataCache/2/5/9/TEXTURE_814DCC3DC72143F49509781513CB9855_BGRA8_4957CBA74161F467DABFBE98D2CA62A__E14509477DFD3EB2EB2DB6FA164EBF60B21B7043.udd" 766
"C:/Users/c0uch/AppData/Local/UnrealEngine/Common/DerivedDataCache/6/6/3/TEXTURE_814DCC3DC72143F49509781513CB9855_BC5_122003924E39A572EF68B5BAC8A94B51___3D141379DF2D9F7B91E53461EF61C5C490A5CA9E.udd" 767
"C:/Users/c0uch/AppData/Local/UnrealEngine/Common/DerivedDataCache/9/7/6/TEXTURE_814DCC3DC72143F49509781513CB9855_BGRA8_EFCCE016429008D9D6575CB3A2DF598__C4821DF4BD82BD0E3E860F170714F74BB99AF852.udd" 768
"C:/Users/c0uch/AppData/Local/UnrealEngine/Common/DerivedDataCache/0/1/7/TEXTURE_814DCC3DC72143F49509781513CB9855_BGRA8_70FBE2144E9E03B3586828844F8F9E3__AAD3CE188F72F692D5AA9967E2CA3DEDA43A777F.udd" 769
"C:/Users/c0uch/AppData/Local/UnrealEngine/Common/DerivedDataCache/8/3/9/TEXTURE_814DCC3DC72143F49509781513CB9855_BGRA8_BCE8FE5741A00FEBD2B9A5B20374AA1__4410B99AB8D8E546A8817042EF75F318D48732CD.udd" 770
"../../../Engine/Content/EditorResources/EmptyActor.uasset" 771
"C:/Users/c0uch/AppData/Local/UnrealEngine/Common/DerivedDataCache/4/2/7/TEXTURE_814DCC3DC72143F49509781513CB9855_BGRA8_6D553E764206C7A526115293065E3B4__03735996D36B1CD15BCEA5071525E45E9053D970.udd" 772
"C:/Users/c0uch/AppData/Local/UnrealEngine/Common/DerivedDataCache/8/1/3/TEXTURE_814DCC3DC72143F49509781513CB9855_BGRA8_6D553E764206C7A526115293065E3B4__0BC6603F1C6615844033041AC7F8D6B65F64DBA0.udd" 773
"C:/Users/c0uch/AppData/Local/UnrealEngine/Common/DerivedDataCache/5/8/6/TEXTURE_814DCC3DC72143F49509781513CB9855_BGRA8_6D553E764206C7A526115293065E3B4__F987F15809CC7DB3F5E054100A89615C536CEE2F.udd" 774
"C:/Users/c0uch/AppData/Local/UnrealEngine/Common/DerivedDataCache/9/0/7/TEXTURE_814DCC3DC72143F49509781513CB9855_BGRA8_60A352CF43B9EDDA32242EBD348626C__6236DDF59DF4D12389D6AFF8BB7D1B1CFF62AB8C.udd" 775
"C:/Users/c0uch/AppData/Local/UnrealEngine/Common/DerivedDataCache/6/3/2/TEXTURE_814DCC3DC72143F49509781513CB9855_BGRA8_60A352CF43B9EDDA32242EBD348626C__0C8996B189BBA92BF73AB02547363578140F4B49.udd" 776
"C:/Users/c0uch/AppData/Local/UnrealEngine/Common/DerivedDataCache/6/6/7/TEXTURE_814DCC3DC72143F49509781513CB9855_BGRA8_60A352CF43B9EDDA32242EBD348626C__B53D784E9F2D31EA888250F37247E803D6942EF6.udd" 777
"C:/Users/c0uch/AppData/Local/UnrealEngine/Common/DerivedDataCache/6/0/6/TEXTURE_814DCC3DC72143F49509781513CB9855_BGRA8_FEB885274856E350932B72921DDDDFD__5F0F36A6D6499DB500E06D9B75B9A0565206D537.udd" 778
"../../../Engine/Content/MobileResources/HUD/AnalogHat.uasset" 779
"../../../Engine/Content/MobileResources/T_MobileControls_texture.uasset" 780
"../../../Engine/Content/MobileResources/T_MobileMenu2.uasset" 781
"../../../Engine/Content/MobileResources/HUD/T_Castle_ThumbstickOutter.uasset" 782
"../../../Engine/Content/MobileResources/HUD/MobileHUDDirectionPad.uasset" 783
"../../../Engine/Content/MobileResources/HUD/MobileHUDButton3.uasset" 784
"../../../Engine/Content/MobileResources/HUD/T_Castle_ThumbstickInner.uasset" 785
"../../../Engine/Content/MobileResources/HUD/MobileHUDDirectionPad2.uasset" 786
"../../../Engine/Content/MobileResources/HUD/MobileHUDDirectionStick.uasset" 787
"../../../Engine/Content/MobileResources/HUD/MobileHUDButton2_on.uasset" 788
"../../../Engine/Content/MobileResources/HUD/LeftVirtualJoystickOnly.uasset" 789
"../../../Engine/Content/MobileResources/HUD/MobileHUDDirectionPad3.uasset" 790
"../../../Engine/Content/MobileResources/HUD/MobileHUDButton1_off.uasset" 791
"../../../Engine/Content/MobileResources/HUD/MobileHUDButton1_on.uasset" 792
"../../../Engine/Content/MobileResources/HUD/MobileHUDButton2_off.uasset" 793
"../../../Engine/Content/MobileResources/HUD/MobileHUDButtonFire.uasset" 794
"../../../../../../Unreal Projects/Catan/Saved/Collections/PackagesRemovedFromChunk0.collection" 795
